{"timestamp":"2025-10-21T21:47:13.294603","level":"info","event":"DAG bundles loaded: dags-folder, example_dags","logger":"airflow.dag_processing.bundles.manager.DagBundlesManager"}
{"timestamp":"2025-10-21T21:47:13.297180","level":"info","event":"Filling up the DagBag from /opt/airflow/dags/EJERCICIO_2.py","logger":"airflow.models.dagbag.DagBag"}
{"timestamp":"2025-10-21T21:47:17.384088Z","level":"info","event":"Task instance is in running state","chan":"stdout","logger":"task"}
{"timestamp":"2025-10-21T21:47:17.385260Z","level":"info","event":" Previous state of the Task instance: TaskInstanceState.QUEUED","chan":"stdout","logger":"task"}
{"timestamp":"2025-10-21T21:47:17.386095Z","level":"info","event":"Current task name:broadcast_salting","chan":"stdout","logger":"task"}
{"timestamp":"2025-10-21T21:47:17.386927Z","level":"info","event":"Dag name:spark_join_con_mucha_informacion","chan":"stdout","logger":"task"}
{"timestamp":"2025-10-21T21:47:17.391701","level":"warning","event":"/home/airflow/.local/lib/python3.12/site-packages/airflow/models/connection.py:471: DeprecationWarning: Using Connection.get_connection_from_secrets from `airflow.models` is deprecated.Please use `get` on Connection from sdk(`airflow.sdk.Connection`) instead\n  warnings.warn(\n","logger":"py.warnings"}
{"timestamp":"2025-10-21T21:47:17.445947","level":"info","event":"Connection Retrieved 'spark_default'","logger":"airflow.hooks.base"}
{"timestamp":"2025-10-21T21:47:17.449734","level":"info","event":"Spark-Submit cmd: spark-submit --master spark-master:7077 --conf spark.master=spark://spark-master:7077 --conf spark.executor.memory=1g --conf spark.driver.memory=512m --conf spark.executor.cores=1 --conf spark.executor.instances=2 --name arrow-spark --verbose --deploy-mode client /opt/airflow/pyspark_instancia_pruebas/pyspark_instancia_pruebas/Ejercicio_2.py","logger":"airflow.task.hooks.airflow.providers.apache.spark.hooks.spark_submit.SparkSubmitHook"}
{"timestamp":"2025-10-21T21:47:19.239460","level":"info","event":"WARNING: Using incubator modules: jdk.incubator.vector","logger":"airflow.task.hooks.airflow.providers.apache.spark.hooks.spark_submit.SparkSubmitHook"}
{"timestamp":"2025-10-21T21:47:23.879217","level":"info","event":"Parsed arguments:","logger":"airflow.task.hooks.airflow.providers.apache.spark.hooks.spark_submit.SparkSubmitHook"}
{"timestamp":"2025-10-21T21:47:23.879856","level":"info","event":"master                  spark-master:7077","logger":"airflow.task.hooks.airflow.providers.apache.spark.hooks.spark_submit.SparkSubmitHook"}
{"timestamp":"2025-10-21T21:47:23.880205","level":"info","event":"remote                  null","logger":"airflow.task.hooks.airflow.providers.apache.spark.hooks.spark_submit.SparkSubmitHook"}
{"timestamp":"2025-10-21T21:47:23.880451","level":"info","event":"deployMode              client","logger":"airflow.task.hooks.airflow.providers.apache.spark.hooks.spark_submit.SparkSubmitHook"}
{"timestamp":"2025-10-21T21:47:23.880648","level":"info","event":"executorMemory          1g","logger":"airflow.task.hooks.airflow.providers.apache.spark.hooks.spark_submit.SparkSubmitHook"}
{"timestamp":"2025-10-21T21:47:23.880835","level":"info","event":"executorCores           1","logger":"airflow.task.hooks.airflow.providers.apache.spark.hooks.spark_submit.SparkSubmitHook"}
{"timestamp":"2025-10-21T21:47:23.881008","level":"info","event":"totalExecutorCores      null","logger":"airflow.task.hooks.airflow.providers.apache.spark.hooks.spark_submit.SparkSubmitHook"}
{"timestamp":"2025-10-21T21:47:23.881184","level":"info","event":"propertiesFile          null","logger":"airflow.task.hooks.airflow.providers.apache.spark.hooks.spark_submit.SparkSubmitHook"}
{"timestamp":"2025-10-21T21:47:23.881483","level":"info","event":"driverMemory            512m","logger":"airflow.task.hooks.airflow.providers.apache.spark.hooks.spark_submit.SparkSubmitHook"}
{"timestamp":"2025-10-21T21:47:23.881709","level":"info","event":"driverCores             null","logger":"airflow.task.hooks.airflow.providers.apache.spark.hooks.spark_submit.SparkSubmitHook"}
{"timestamp":"2025-10-21T21:47:23.881999","level":"info","event":"driverExtraClassPath    null","logger":"airflow.task.hooks.airflow.providers.apache.spark.hooks.spark_submit.SparkSubmitHook"}
{"timestamp":"2025-10-21T21:47:23.882221","level":"info","event":"driverExtraLibraryPath  null","logger":"airflow.task.hooks.airflow.providers.apache.spark.hooks.spark_submit.SparkSubmitHook"}
{"timestamp":"2025-10-21T21:47:23.882394","level":"info","event":"driverExtraJavaOptions  null","logger":"airflow.task.hooks.airflow.providers.apache.spark.hooks.spark_submit.SparkSubmitHook"}
{"timestamp":"2025-10-21T21:47:23.882662","level":"info","event":"supervise               false","logger":"airflow.task.hooks.airflow.providers.apache.spark.hooks.spark_submit.SparkSubmitHook"}
{"timestamp":"2025-10-21T21:47:23.882859","level":"info","event":"queue                   null","logger":"airflow.task.hooks.airflow.providers.apache.spark.hooks.spark_submit.SparkSubmitHook"}
{"timestamp":"2025-10-21T21:47:23.883038","level":"info","event":"numExecutors            2","logger":"airflow.task.hooks.airflow.providers.apache.spark.hooks.spark_submit.SparkSubmitHook"}
{"timestamp":"2025-10-21T21:47:23.883261","level":"info","event":"files                   null","logger":"airflow.task.hooks.airflow.providers.apache.spark.hooks.spark_submit.SparkSubmitHook"}
{"timestamp":"2025-10-21T21:47:23.883512","level":"info","event":"pyFiles                 null","logger":"airflow.task.hooks.airflow.providers.apache.spark.hooks.spark_submit.SparkSubmitHook"}
{"timestamp":"2025-10-21T21:47:23.883735","level":"info","event":"archives                null","logger":"airflow.task.hooks.airflow.providers.apache.spark.hooks.spark_submit.SparkSubmitHook"}
{"timestamp":"2025-10-21T21:47:23.884001","level":"info","event":"mainClass               null","logger":"airflow.task.hooks.airflow.providers.apache.spark.hooks.spark_submit.SparkSubmitHook"}
{"timestamp":"2025-10-21T21:47:23.884217","level":"info","event":"primaryResource         file:/opt/airflow/pyspark_instancia_pruebas/pyspark_instancia_pruebas/Ejercicio_2.py","logger":"airflow.task.hooks.airflow.providers.apache.spark.hooks.spark_submit.SparkSubmitHook"}
{"timestamp":"2025-10-21T21:47:23.884430","level":"info","event":"name                    arrow-spark","logger":"airflow.task.hooks.airflow.providers.apache.spark.hooks.spark_submit.SparkSubmitHook"}
{"timestamp":"2025-10-21T21:47:23.884689","level":"info","event":"childArgs               []","logger":"airflow.task.hooks.airflow.providers.apache.spark.hooks.spark_submit.SparkSubmitHook"}
{"timestamp":"2025-10-21T21:47:23.884933","level":"info","event":"jars                    null","logger":"airflow.task.hooks.airflow.providers.apache.spark.hooks.spark_submit.SparkSubmitHook"}
{"timestamp":"2025-10-21T21:47:23.885133","level":"info","event":"packages                null","logger":"airflow.task.hooks.airflow.providers.apache.spark.hooks.spark_submit.SparkSubmitHook"}
{"timestamp":"2025-10-21T21:47:23.885302","level":"info","event":"packagesExclusions      null","logger":"airflow.task.hooks.airflow.providers.apache.spark.hooks.spark_submit.SparkSubmitHook"}
{"timestamp":"2025-10-21T21:47:23.885664","level":"info","event":"repositories            null","logger":"airflow.task.hooks.airflow.providers.apache.spark.hooks.spark_submit.SparkSubmitHook"}
{"timestamp":"2025-10-21T21:47:23.885932","level":"info","event":"verbose                 true","logger":"airflow.task.hooks.airflow.providers.apache.spark.hooks.spark_submit.SparkSubmitHook"}
{"timestamp":"2025-10-21T21:47:23.886074","level":"info","event":"","logger":"airflow.task.hooks.airflow.providers.apache.spark.hooks.spark_submit.SparkSubmitHook"}
{"timestamp":"2025-10-21T21:47:23.886174","level":"info","event":"Spark properties used, including those specified through","logger":"airflow.task.hooks.airflow.providers.apache.spark.hooks.spark_submit.SparkSubmitHook"}
{"timestamp":"2025-10-21T21:47:23.886315","level":"info","event":"--conf and those from the properties file null:","logger":"airflow.task.hooks.airflow.providers.apache.spark.hooks.spark_submit.SparkSubmitHook"}
{"timestamp":"2025-10-21T21:47:23.886554","level":"info","event":"(spark.driver.memory,512m)","logger":"airflow.task.hooks.airflow.providers.apache.spark.hooks.spark_submit.SparkSubmitHook"}
{"timestamp":"2025-10-21T21:47:23.887710","level":"info","event":"(spark.executor.cores,1)","logger":"airflow.task.hooks.airflow.providers.apache.spark.hooks.spark_submit.SparkSubmitHook"}
{"timestamp":"2025-10-21T21:47:23.889294","level":"info","event":"(spark.executor.instances,2)","logger":"airflow.task.hooks.airflow.providers.apache.spark.hooks.spark_submit.SparkSubmitHook"}
{"timestamp":"2025-10-21T21:47:23.889853","level":"info","event":"(spark.executor.memory,1g)","logger":"airflow.task.hooks.airflow.providers.apache.spark.hooks.spark_submit.SparkSubmitHook"}
{"timestamp":"2025-10-21T21:47:23.890393","level":"info","event":"(spark.master,spark://spark-master:7077)","logger":"airflow.task.hooks.airflow.providers.apache.spark.hooks.spark_submit.SparkSubmitHook"}
{"timestamp":"2025-10-21T21:47:23.890666","level":"info","event":"","logger":"airflow.task.hooks.airflow.providers.apache.spark.hooks.spark_submit.SparkSubmitHook"}
{"timestamp":"2025-10-21T21:47:23.891089","level":"info","event":"","logger":"airflow.task.hooks.airflow.providers.apache.spark.hooks.spark_submit.SparkSubmitHook"}
{"timestamp":"2025-10-21T21:47:24.778653","level":"info","event":"Main class:","logger":"airflow.task.hooks.airflow.providers.apache.spark.hooks.spark_submit.SparkSubmitHook"}
{"timestamp":"2025-10-21T21:47:24.779035","level":"info","event":"org.apache.spark.deploy.PythonRunner","logger":"airflow.task.hooks.airflow.providers.apache.spark.hooks.spark_submit.SparkSubmitHook"}
{"timestamp":"2025-10-21T21:47:24.781685","level":"info","event":"Arguments:","logger":"airflow.task.hooks.airflow.providers.apache.spark.hooks.spark_submit.SparkSubmitHook"}
{"timestamp":"2025-10-21T21:47:24.782064","level":"info","event":"file:/opt/airflow/pyspark_instancia_pruebas/pyspark_instancia_pruebas/Ejercicio_2.py","logger":"airflow.task.hooks.airflow.providers.apache.spark.hooks.spark_submit.SparkSubmitHook"}
{"timestamp":"2025-10-21T21:47:24.782326","level":"info","event":"null","logger":"airflow.task.hooks.airflow.providers.apache.spark.hooks.spark_submit.SparkSubmitHook"}
{"timestamp":"2025-10-21T21:47:24.786140","level":"info","event":"Spark config:","logger":"airflow.task.hooks.airflow.providers.apache.spark.hooks.spark_submit.SparkSubmitHook"}
{"timestamp":"2025-10-21T21:47:24.786436","level":"info","event":"(spark.app.name,arrow-spark)","logger":"airflow.task.hooks.airflow.providers.apache.spark.hooks.spark_submit.SparkSubmitHook"}
{"timestamp":"2025-10-21T21:47:24.786630","level":"info","event":"(spark.app.submitTime,1761083244712)","logger":"airflow.task.hooks.airflow.providers.apache.spark.hooks.spark_submit.SparkSubmitHook"}
{"timestamp":"2025-10-21T21:47:24.786800","level":"info","event":"(spark.driver.memory,512m)","logger":"airflow.task.hooks.airflow.providers.apache.spark.hooks.spark_submit.SparkSubmitHook"}
{"timestamp":"2025-10-21T21:47:24.787093","level":"info","event":"(spark.executor.cores,1)","logger":"airflow.task.hooks.airflow.providers.apache.spark.hooks.spark_submit.SparkSubmitHook"}
{"timestamp":"2025-10-21T21:47:24.787286","level":"info","event":"(spark.executor.instances,2)","logger":"airflow.task.hooks.airflow.providers.apache.spark.hooks.spark_submit.SparkSubmitHook"}
{"timestamp":"2025-10-21T21:47:24.787454","level":"info","event":"(spark.executor.memory,1g)","logger":"airflow.task.hooks.airflow.providers.apache.spark.hooks.spark_submit.SparkSubmitHook"}
{"timestamp":"2025-10-21T21:47:24.788263","level":"info","event":"(spark.master,spark-master:7077)","logger":"airflow.task.hooks.airflow.providers.apache.spark.hooks.spark_submit.SparkSubmitHook"}
{"timestamp":"2025-10-21T21:47:24.788821","level":"info","event":"(spark.submit.deployMode,client)","logger":"airflow.task.hooks.airflow.providers.apache.spark.hooks.spark_submit.SparkSubmitHook"}
{"timestamp":"2025-10-21T21:47:24.789225","level":"info","event":"(spark.submit.pyFiles,)","logger":"airflow.task.hooks.airflow.providers.apache.spark.hooks.spark_submit.SparkSubmitHook"}
{"timestamp":"2025-10-21T21:47:24.789574","level":"info","event":"Classpath elements:","logger":"airflow.task.hooks.airflow.providers.apache.spark.hooks.spark_submit.SparkSubmitHook"}
{"timestamp":"2025-10-21T21:47:24.789896","level":"info","event":"","logger":"airflow.task.hooks.airflow.providers.apache.spark.hooks.spark_submit.SparkSubmitHook"}
{"timestamp":"2025-10-21T21:47:24.790182","level":"info","event":"","logger":"airflow.task.hooks.airflow.providers.apache.spark.hooks.spark_submit.SparkSubmitHook"}
{"timestamp":"2025-10-21T21:47:24.790419","level":"info","event":"","logger":"airflow.task.hooks.airflow.providers.apache.spark.hooks.spark_submit.SparkSubmitHook"}
{"timestamp":"2025-10-21T21:47:33.917771","level":"info","event":"Using Spark's default log4j profile: org/apache/spark/log4j2-defaults.properties","logger":"airflow.task.hooks.airflow.providers.apache.spark.hooks.spark_submit.SparkSubmitHook"}
{"timestamp":"2025-10-21T21:47:33.941798","level":"info","event":"25/10/21 21:47:33 INFO SparkContext: Running Spark version 4.0.1","logger":"airflow.task.hooks.airflow.providers.apache.spark.hooks.spark_submit.SparkSubmitHook"}
{"timestamp":"2025-10-21T21:47:33.958245","level":"info","event":"25/10/21 21:47:33 INFO SparkContext: OS info Linux, 6.6.87.2-microsoft-standard-WSL2, amd64","logger":"airflow.task.hooks.airflow.providers.apache.spark.hooks.spark_submit.SparkSubmitHook"}
{"timestamp":"2025-10-21T21:47:33.961714","level":"info","event":"25/10/21 21:47:33 INFO SparkContext: Java version 17.0.16","logger":"airflow.task.hooks.airflow.providers.apache.spark.hooks.spark_submit.SparkSubmitHook"}
{"timestamp":"2025-10-21T21:47:34.570863","level":"info","event":"25/10/21 21:47:34 WARN NativeCodeLoader: Unable to load native-hadoop library for your platform... using builtin-java classes where applicable","logger":"airflow.task.hooks.airflow.providers.apache.spark.hooks.spark_submit.SparkSubmitHook"}
{"timestamp":"2025-10-21T21:47:35.001457","level":"info","event":"25/10/21 21:47:35 INFO ResourceUtils: ==============================================================","logger":"airflow.task.hooks.airflow.providers.apache.spark.hooks.spark_submit.SparkSubmitHook"}
{"timestamp":"2025-10-21T21:47:35.003301","level":"info","event":"25/10/21 21:47:35 INFO ResourceUtils: No custom resources configured for spark.driver.","logger":"airflow.task.hooks.airflow.providers.apache.spark.hooks.spark_submit.SparkSubmitHook"}
{"timestamp":"2025-10-21T21:47:35.005069","level":"info","event":"25/10/21 21:47:35 INFO ResourceUtils: ==============================================================","logger":"airflow.task.hooks.airflow.providers.apache.spark.hooks.spark_submit.SparkSubmitHook"}
{"timestamp":"2025-10-21T21:47:35.008522","level":"info","event":"25/10/21 21:47:35 INFO SparkContext: Submitted application: SkewCartesianExample","logger":"airflow.task.hooks.airflow.providers.apache.spark.hooks.spark_submit.SparkSubmitHook"}
{"timestamp":"2025-10-21T21:47:35.080714","level":"info","event":"25/10/21 21:47:35 INFO ResourceProfile: Default ResourceProfile created, executor resources: Map(cores -> name: cores, amount: 1, script: , vendor: , memory -> name: memory, amount: 1024, script: , vendor: , offHeap -> name: offHeap, amount: 0, script: , vendor: ), task resources: Map(cpus -> name: cpus, amount: 1.0)","logger":"airflow.task.hooks.airflow.providers.apache.spark.hooks.spark_submit.SparkSubmitHook"}
{"timestamp":"2025-10-21T21:47:35.098766","level":"info","event":"25/10/21 21:47:35 INFO ResourceProfile: Limiting resource is cpus at 1 tasks per executor","logger":"airflow.task.hooks.airflow.providers.apache.spark.hooks.spark_submit.SparkSubmitHook"}
{"timestamp":"2025-10-21T21:47:35.107234","level":"info","event":"25/10/21 21:47:35 INFO ResourceProfileManager: Added ResourceProfile id: 0","logger":"airflow.task.hooks.airflow.providers.apache.spark.hooks.spark_submit.SparkSubmitHook"}
{"timestamp":"2025-10-21T21:47:35.308874","level":"info","event":"25/10/21 21:47:35 INFO SecurityManager: Changing view acls to: airflow","logger":"airflow.task.hooks.airflow.providers.apache.spark.hooks.spark_submit.SparkSubmitHook"}
{"timestamp":"2025-10-21T21:47:35.313534","level":"info","event":"25/10/21 21:47:35 INFO SecurityManager: Changing modify acls to: airflow","logger":"airflow.task.hooks.airflow.providers.apache.spark.hooks.spark_submit.SparkSubmitHook"}
{"timestamp":"2025-10-21T21:47:35.316073","level":"info","event":"25/10/21 21:47:35 INFO SecurityManager: Changing view acls groups to: airflow","logger":"airflow.task.hooks.airflow.providers.apache.spark.hooks.spark_submit.SparkSubmitHook"}
{"timestamp":"2025-10-21T21:47:35.318804","level":"info","event":"25/10/21 21:47:35 INFO SecurityManager: Changing modify acls groups to: airflow","logger":"airflow.task.hooks.airflow.providers.apache.spark.hooks.spark_submit.SparkSubmitHook"}
{"timestamp":"2025-10-21T21:47:35.334851","level":"info","event":"25/10/21 21:47:35 INFO SecurityManager: SecurityManager: authentication disabled; ui acls disabled; users with view permissions: airflow groups with view permissions: EMPTY; users with modify permissions: airflow; groups with modify permissions: EMPTY; RPC SSL disabled","logger":"airflow.task.hooks.airflow.providers.apache.spark.hooks.spark_submit.SparkSubmitHook"}
{"timestamp":"2025-10-21T21:47:36.806166","level":"info","event":"25/10/21 21:47:36 INFO Utils: Successfully started service 'sparkDriver' on port 40313.","logger":"airflow.task.hooks.airflow.providers.apache.spark.hooks.spark_submit.SparkSubmitHook"}
{"timestamp":"2025-10-21T21:47:36.969051","level":"info","event":"25/10/21 21:47:36 INFO SparkEnv: Registering MapOutputTracker","logger":"airflow.task.hooks.airflow.providers.apache.spark.hooks.spark_submit.SparkSubmitHook"}
{"timestamp":"2025-10-21T21:47:37.019242","level":"info","event":"25/10/21 21:47:37 INFO SparkEnv: Registering BlockManagerMaster","logger":"airflow.task.hooks.airflow.providers.apache.spark.hooks.spark_submit.SparkSubmitHook"}
{"timestamp":"2025-10-21T21:47:37.092271","level":"info","event":"25/10/21 21:47:37 INFO BlockManagerMasterEndpoint: Using org.apache.spark.storage.DefaultTopologyMapper for getting topology information","logger":"airflow.task.hooks.airflow.providers.apache.spark.hooks.spark_submit.SparkSubmitHook"}
{"timestamp":"2025-10-21T21:47:37.094086","level":"info","event":"25/10/21 21:47:37 INFO BlockManagerMasterEndpoint: BlockManagerMasterEndpoint up","logger":"airflow.task.hooks.airflow.providers.apache.spark.hooks.spark_submit.SparkSubmitHook"}
{"timestamp":"2025-10-21T21:47:37.120868","level":"info","event":"25/10/21 21:47:37 INFO SparkEnv: Registering BlockManagerMasterHeartbeat","logger":"airflow.task.hooks.airflow.providers.apache.spark.hooks.spark_submit.SparkSubmitHook"}
{"timestamp":"2025-10-21T21:47:37.225186","level":"info","event":"25/10/21 21:47:37 INFO DiskBlockManager: Created local directory at /tmp/blockmgr-d811f723-3b04-4861-9a0c-f1d4294d74df","logger":"airflow.task.hooks.airflow.providers.apache.spark.hooks.spark_submit.SparkSubmitHook"}
{"timestamp":"2025-10-21T21:47:37.326365","level":"info","event":"25/10/21 21:47:37 INFO SparkEnv: Registering OutputCommitCoordinator","logger":"airflow.task.hooks.airflow.providers.apache.spark.hooks.spark_submit.SparkSubmitHook"}
{"timestamp":"2025-10-21T21:47:37.768242","level":"info","event":"25/10/21 21:47:37 INFO JettyUtils: Start Jetty 0.0.0.0:4040 for SparkUI","logger":"airflow.task.hooks.airflow.providers.apache.spark.hooks.spark_submit.SparkSubmitHook"}
{"timestamp":"2025-10-21T21:47:38.173959","level":"info","event":"25/10/21 21:47:38 INFO Utils: Successfully started service 'SparkUI' on port 4040.","logger":"airflow.task.hooks.airflow.providers.apache.spark.hooks.spark_submit.SparkSubmitHook"}
{"timestamp":"2025-10-21T21:47:38.335630","level":"info","event":"25/10/21 21:47:38 INFO SecurityManager: Changing view acls to: airflow","logger":"airflow.task.hooks.airflow.providers.apache.spark.hooks.spark_submit.SparkSubmitHook"}
{"timestamp":"2025-10-21T21:47:38.336317","level":"info","event":"25/10/21 21:47:38 INFO SecurityManager: Changing modify acls to: airflow","logger":"airflow.task.hooks.airflow.providers.apache.spark.hooks.spark_submit.SparkSubmitHook"}
{"timestamp":"2025-10-21T21:47:38.337444","level":"info","event":"25/10/21 21:47:38 INFO SecurityManager: Changing view acls groups to: airflow","logger":"airflow.task.hooks.airflow.providers.apache.spark.hooks.spark_submit.SparkSubmitHook"}
{"timestamp":"2025-10-21T21:47:38.338355","level":"info","event":"25/10/21 21:47:38 INFO SecurityManager: Changing modify acls groups to: airflow","logger":"airflow.task.hooks.airflow.providers.apache.spark.hooks.spark_submit.SparkSubmitHook"}
{"timestamp":"2025-10-21T21:47:38.340993","level":"info","event":"25/10/21 21:47:38 INFO SecurityManager: SecurityManager: authentication disabled; ui acls disabled; users with view permissions: airflow groups with view permissions: EMPTY; users with modify permissions: airflow; groups with modify permissions: EMPTY; RPC SSL disabled","logger":"airflow.task.hooks.airflow.providers.apache.spark.hooks.spark_submit.SparkSubmitHook"}
{"timestamp":"2025-10-21T21:47:38.641329","level":"info","event":"25/10/21 21:47:38 ERROR SparkContext: Error initializing SparkContext.","logger":"airflow.task.hooks.airflow.providers.apache.spark.hooks.spark_submit.SparkSubmitHook"}
{"timestamp":"2025-10-21T21:47:38.641763","level":"info","event":"org.apache.spark.SparkException: Could not parse Master URL: 'spark-master:7077'","logger":"airflow.task.hooks.airflow.providers.apache.spark.hooks.spark_submit.SparkSubmitHook"}
{"timestamp":"2025-10-21T21:47:38.642019","level":"info","event":"at org.apache.spark.SparkContext$.org$apache$spark$SparkContext$$createTaskScheduler(SparkContext.scala:3358)","logger":"airflow.task.hooks.airflow.providers.apache.spark.hooks.spark_submit.SparkSubmitHook"}
{"timestamp":"2025-10-21T21:47:38.642247","level":"info","event":"at org.apache.spark.SparkContext.<init>(SparkContext.scala:593)","logger":"airflow.task.hooks.airflow.providers.apache.spark.hooks.spark_submit.SparkSubmitHook"}
{"timestamp":"2025-10-21T21:47:38.642446","level":"info","event":"at org.apache.spark.api.java.JavaSparkContext.<init>(JavaSparkContext.scala:59)","logger":"airflow.task.hooks.airflow.providers.apache.spark.hooks.spark_submit.SparkSubmitHook"}
{"timestamp":"2025-10-21T21:47:38.642643","level":"info","event":"at java.base/jdk.internal.reflect.NativeConstructorAccessorImpl.newInstance0(Native Method)","logger":"airflow.task.hooks.airflow.providers.apache.spark.hooks.spark_submit.SparkSubmitHook"}
{"timestamp":"2025-10-21T21:47:38.642836","level":"info","event":"at java.base/jdk.internal.reflect.NativeConstructorAccessorImpl.newInstance(NativeConstructorAccessorImpl.java:77)","logger":"airflow.task.hooks.airflow.providers.apache.spark.hooks.spark_submit.SparkSubmitHook"}
{"timestamp":"2025-10-21T21:47:38.643031","level":"info","event":"at java.base/jdk.internal.reflect.DelegatingConstructorAccessorImpl.newInstance(DelegatingConstructorAccessorImpl.java:45)","logger":"airflow.task.hooks.airflow.providers.apache.spark.hooks.spark_submit.SparkSubmitHook"}
{"timestamp":"2025-10-21T21:47:38.643220","level":"info","event":"at java.base/java.lang.reflect.Constructor.newInstanceWithCaller(Constructor.java:500)","logger":"airflow.task.hooks.airflow.providers.apache.spark.hooks.spark_submit.SparkSubmitHook"}
{"timestamp":"2025-10-21T21:47:38.643516","level":"info","event":"at java.base/java.lang.reflect.Constructor.newInstance(Constructor.java:481)","logger":"airflow.task.hooks.airflow.providers.apache.spark.hooks.spark_submit.SparkSubmitHook"}
{"timestamp":"2025-10-21T21:47:38.643779","level":"info","event":"at py4j.reflection.MethodInvoker.invoke(MethodInvoker.java:247)","logger":"airflow.task.hooks.airflow.providers.apache.spark.hooks.spark_submit.SparkSubmitHook"}
{"timestamp":"2025-10-21T21:47:38.644001","level":"info","event":"at py4j.reflection.ReflectionEngine.invoke(ReflectionEngine.java:374)","logger":"airflow.task.hooks.airflow.providers.apache.spark.hooks.spark_submit.SparkSubmitHook"}
{"timestamp":"2025-10-21T21:47:38.644476","level":"info","event":"at py4j.Gateway.invoke(Gateway.java:238)","logger":"airflow.task.hooks.airflow.providers.apache.spark.hooks.spark_submit.SparkSubmitHook"}
{"timestamp":"2025-10-21T21:47:38.645378","level":"info","event":"at py4j.commands.ConstructorCommand.invokeConstructor(ConstructorCommand.java:80)","logger":"airflow.task.hooks.airflow.providers.apache.spark.hooks.spark_submit.SparkSubmitHook"}
{"timestamp":"2025-10-21T21:47:38.645690","level":"info","event":"at py4j.commands.ConstructorCommand.execute(ConstructorCommand.java:69)","logger":"airflow.task.hooks.airflow.providers.apache.spark.hooks.spark_submit.SparkSubmitHook"}
{"timestamp":"2025-10-21T21:47:38.646086","level":"info","event":"at py4j.ClientServerConnection.waitForCommands(ClientServerConnection.java:184)","logger":"airflow.task.hooks.airflow.providers.apache.spark.hooks.spark_submit.SparkSubmitHook"}
{"timestamp":"2025-10-21T21:47:38.646758","level":"info","event":"at py4j.ClientServerConnection.run(ClientServerConnection.java:108)","logger":"airflow.task.hooks.airflow.providers.apache.spark.hooks.spark_submit.SparkSubmitHook"}
{"timestamp":"2025-10-21T21:47:38.647208","level":"info","event":"at java.base/java.lang.Thread.run(Thread.java:840)","logger":"airflow.task.hooks.airflow.providers.apache.spark.hooks.spark_submit.SparkSubmitHook"}
{"timestamp":"2025-10-21T21:47:38.677339","level":"info","event":"25/10/21 21:47:38 INFO SparkContext: SparkContext is stopping with exitCode 0 from JavaSparkContext at NativeConstructorAccessorImpl.java:0.","logger":"airflow.task.hooks.airflow.providers.apache.spark.hooks.spark_submit.SparkSubmitHook"}
{"timestamp":"2025-10-21T21:47:38.783257","level":"info","event":"25/10/21 21:47:38 INFO SparkUI: Stopped Spark web UI at http://870cc88a5c07:4040","logger":"airflow.task.hooks.airflow.providers.apache.spark.hooks.spark_submit.SparkSubmitHook"}
{"timestamp":"2025-10-21T21:47:38.927103","level":"info","event":"25/10/21 21:47:38 INFO MapOutputTrackerMasterEndpoint: MapOutputTrackerMasterEndpoint stopped!","logger":"airflow.task.hooks.airflow.providers.apache.spark.hooks.spark_submit.SparkSubmitHook"}
{"timestamp":"2025-10-21T21:47:38.990910","level":"info","event":"25/10/21 21:47:38 INFO MemoryStore: MemoryStore started with capacity 127.2 MiB","logger":"airflow.task.hooks.airflow.providers.apache.spark.hooks.spark_submit.SparkSubmitHook"}
{"timestamp":"2025-10-21T21:47:38.997713","level":"info","event":"25/10/21 21:47:38 INFO MemoryStore: MemoryStore cleared","logger":"airflow.task.hooks.airflow.providers.apache.spark.hooks.spark_submit.SparkSubmitHook"}
{"timestamp":"2025-10-21T21:47:39.000283","level":"info","event":"25/10/21 21:47:38 INFO BlockManager: BlockManager stopped","logger":"airflow.task.hooks.airflow.providers.apache.spark.hooks.spark_submit.SparkSubmitHook"}
{"timestamp":"2025-10-21T21:47:39.065748","level":"info","event":"25/10/21 21:47:39 INFO BlockManagerMaster: BlockManagerMaster stopped","logger":"airflow.task.hooks.airflow.providers.apache.spark.hooks.spark_submit.SparkSubmitHook"}
{"timestamp":"2025-10-21T21:47:39.068181","level":"info","event":"25/10/21 21:47:39 WARN MetricsSystem: Stopping a MetricsSystem that is not running","logger":"airflow.task.hooks.airflow.providers.apache.spark.hooks.spark_submit.SparkSubmitHook"}
{"timestamp":"2025-10-21T21:47:39.086274","level":"info","event":"25/10/21 21:47:39 INFO OutputCommitCoordinator$OutputCommitCoordinatorEndpoint: OutputCommitCoordinator stopped!","logger":"airflow.task.hooks.airflow.providers.apache.spark.hooks.spark_submit.SparkSubmitHook"}
{"timestamp":"2025-10-21T21:47:39.129401","level":"info","event":"25/10/21 21:47:39 INFO SparkContext: Successfully stopped SparkContext","logger":"airflow.task.hooks.airflow.providers.apache.spark.hooks.spark_submit.SparkSubmitHook"}
{"timestamp":"2025-10-21T21:47:39.135662","level":"info","event":"Traceback (most recent call last):","logger":"airflow.task.hooks.airflow.providers.apache.spark.hooks.spark_submit.SparkSubmitHook"}
{"timestamp":"2025-10-21T21:47:39.136153","level":"info","event":"File \"/opt/airflow/pyspark_instancia_pruebas/pyspark_instancia_pruebas/Ejercicio_2.py\", line 10, in <module>","logger":"airflow.task.hooks.airflow.providers.apache.spark.hooks.spark_submit.SparkSubmitHook"}
{"timestamp":"2025-10-21T21:47:39.141265","level":"info","event":"spark = SparkSession.builder.appName(\"SkewCartesianExample\").getOrCreate()","logger":"airflow.task.hooks.airflow.providers.apache.spark.hooks.spark_submit.SparkSubmitHook"}
{"timestamp":"2025-10-21T21:47:39.141693","level":"info","event":"^^^^^^^^^^^^^^^^^^^^^^^^^^^^^^^^^^^^^^^^^^^^^^^^^^^^^^^^^^^^^^^^^^","logger":"airflow.task.hooks.airflow.providers.apache.spark.hooks.spark_submit.SparkSubmitHook"}
{"timestamp":"2025-10-21T21:47:39.142021","level":"info","event":"File \"/home/airflow/.local/lib/python3.12/site-packages/pyspark/python/lib/pyspark.zip/pyspark/sql/session.py\", line 556, in getOrCreate","logger":"airflow.task.hooks.airflow.providers.apache.spark.hooks.spark_submit.SparkSubmitHook"}
{"timestamp":"2025-10-21T21:47:39.143407","level":"info","event":"File \"/home/airflow/.local/lib/python3.12/site-packages/pyspark/python/lib/pyspark.zip/pyspark/core/context.py\", line 523, in getOrCreate","logger":"airflow.task.hooks.airflow.providers.apache.spark.hooks.spark_submit.SparkSubmitHook"}
{"timestamp":"2025-10-21T21:47:39.145466","level":"info","event":"File \"/home/airflow/.local/lib/python3.12/site-packages/pyspark/python/lib/pyspark.zip/pyspark/core/context.py\", line 207, in __init__","logger":"airflow.task.hooks.airflow.providers.apache.spark.hooks.spark_submit.SparkSubmitHook"}
{"timestamp":"2025-10-21T21:47:39.147011","level":"info","event":"File \"/home/airflow/.local/lib/python3.12/site-packages/pyspark/python/lib/pyspark.zip/pyspark/core/context.py\", line 300, in _do_init","logger":"airflow.task.hooks.airflow.providers.apache.spark.hooks.spark_submit.SparkSubmitHook"}
{"timestamp":"2025-10-21T21:47:39.148957","level":"info","event":"File \"/home/airflow/.local/lib/python3.12/site-packages/pyspark/python/lib/pyspark.zip/pyspark/core/context.py\", line 429, in _initialize_context","logger":"airflow.task.hooks.airflow.providers.apache.spark.hooks.spark_submit.SparkSubmitHook"}
{"timestamp":"2025-10-21T21:47:39.149703","level":"info","event":"File \"/home/airflow/.local/lib/python3.12/site-packages/pyspark/python/lib/py4j-0.10.9.9-src.zip/py4j/java_gateway.py\", line 1627, in __call__","logger":"airflow.task.hooks.airflow.providers.apache.spark.hooks.spark_submit.SparkSubmitHook"}
{"timestamp":"2025-10-21T21:47:39.151011","level":"info","event":"File \"/home/airflow/.local/lib/python3.12/site-packages/pyspark/python/lib/py4j-0.10.9.9-src.zip/py4j/protocol.py\", line 327, in get_return_value","logger":"airflow.task.hooks.airflow.providers.apache.spark.hooks.spark_submit.SparkSubmitHook"}
{"timestamp":"2025-10-21T21:47:39.155073","level":"info","event":"py4j.protocol.Py4JJavaError: An error occurred while calling None.org.apache.spark.api.java.JavaSparkContext.","logger":"airflow.task.hooks.airflow.providers.apache.spark.hooks.spark_submit.SparkSubmitHook"}
{"timestamp":"2025-10-21T21:47:39.155750","level":"info","event":": org.apache.spark.SparkException: Could not parse Master URL: 'spark-master:7077'","logger":"airflow.task.hooks.airflow.providers.apache.spark.hooks.spark_submit.SparkSubmitHook"}
{"timestamp":"2025-10-21T21:47:39.156025","level":"info","event":"at org.apache.spark.SparkContext$.org$apache$spark$SparkContext$$createTaskScheduler(SparkContext.scala:3358)","logger":"airflow.task.hooks.airflow.providers.apache.spark.hooks.spark_submit.SparkSubmitHook"}
{"timestamp":"2025-10-21T21:47:39.156237","level":"info","event":"at org.apache.spark.SparkContext.<init>(SparkContext.scala:593)","logger":"airflow.task.hooks.airflow.providers.apache.spark.hooks.spark_submit.SparkSubmitHook"}
{"timestamp":"2025-10-21T21:47:39.156518","level":"info","event":"at org.apache.spark.api.java.JavaSparkContext.<init>(JavaSparkContext.scala:59)","logger":"airflow.task.hooks.airflow.providers.apache.spark.hooks.spark_submit.SparkSubmitHook"}
{"timestamp":"2025-10-21T21:47:39.156812","level":"info","event":"at java.base/jdk.internal.reflect.NativeConstructorAccessorImpl.newInstance0(Native Method)","logger":"airflow.task.hooks.airflow.providers.apache.spark.hooks.spark_submit.SparkSubmitHook"}
{"timestamp":"2025-10-21T21:47:39.157036","level":"info","event":"at java.base/jdk.internal.reflect.NativeConstructorAccessorImpl.newInstance(NativeConstructorAccessorImpl.java:77)","logger":"airflow.task.hooks.airflow.providers.apache.spark.hooks.spark_submit.SparkSubmitHook"}
{"timestamp":"2025-10-21T21:47:39.157236","level":"info","event":"at java.base/jdk.internal.reflect.DelegatingConstructorAccessorImpl.newInstance(DelegatingConstructorAccessorImpl.java:45)","logger":"airflow.task.hooks.airflow.providers.apache.spark.hooks.spark_submit.SparkSubmitHook"}
{"timestamp":"2025-10-21T21:47:39.157416","level":"info","event":"at java.base/java.lang.reflect.Constructor.newInstanceWithCaller(Constructor.java:500)","logger":"airflow.task.hooks.airflow.providers.apache.spark.hooks.spark_submit.SparkSubmitHook"}
{"timestamp":"2025-10-21T21:47:39.157621","level":"info","event":"at java.base/java.lang.reflect.Constructor.newInstance(Constructor.java:481)","logger":"airflow.task.hooks.airflow.providers.apache.spark.hooks.spark_submit.SparkSubmitHook"}
{"timestamp":"2025-10-21T21:47:39.157795","level":"info","event":"at py4j.reflection.MethodInvoker.invoke(MethodInvoker.java:247)","logger":"airflow.task.hooks.airflow.providers.apache.spark.hooks.spark_submit.SparkSubmitHook"}
{"timestamp":"2025-10-21T21:47:39.158035","level":"info","event":"at py4j.reflection.ReflectionEngine.invoke(ReflectionEngine.java:374)","logger":"airflow.task.hooks.airflow.providers.apache.spark.hooks.spark_submit.SparkSubmitHook"}
{"timestamp":"2025-10-21T21:47:39.158217","level":"info","event":"at py4j.Gateway.invoke(Gateway.java:238)","logger":"airflow.task.hooks.airflow.providers.apache.spark.hooks.spark_submit.SparkSubmitHook"}
{"timestamp":"2025-10-21T21:47:39.158384","level":"info","event":"at py4j.commands.ConstructorCommand.invokeConstructor(ConstructorCommand.java:80)","logger":"airflow.task.hooks.airflow.providers.apache.spark.hooks.spark_submit.SparkSubmitHook"}
{"timestamp":"2025-10-21T21:47:39.158576","level":"info","event":"at py4j.commands.ConstructorCommand.execute(ConstructorCommand.java:69)","logger":"airflow.task.hooks.airflow.providers.apache.spark.hooks.spark_submit.SparkSubmitHook"}
{"timestamp":"2025-10-21T21:47:39.158743","level":"info","event":"at py4j.ClientServerConnection.waitForCommands(ClientServerConnection.java:184)","logger":"airflow.task.hooks.airflow.providers.apache.spark.hooks.spark_submit.SparkSubmitHook"}
{"timestamp":"2025-10-21T21:47:39.158911","level":"info","event":"at py4j.ClientServerConnection.run(ClientServerConnection.java:108)","logger":"airflow.task.hooks.airflow.providers.apache.spark.hooks.spark_submit.SparkSubmitHook"}
{"timestamp":"2025-10-21T21:47:39.159084","level":"info","event":"at java.base/java.lang.Thread.run(Thread.java:840)","logger":"airflow.task.hooks.airflow.providers.apache.spark.hooks.spark_submit.SparkSubmitHook"}
{"timestamp":"2025-10-21T21:47:39.159251","level":"info","event":"","logger":"airflow.task.hooks.airflow.providers.apache.spark.hooks.spark_submit.SparkSubmitHook"}
{"timestamp":"2025-10-21T21:47:39.594964","level":"info","event":"25/10/21 21:47:39 INFO ShutdownHookManager: Shutdown hook called","logger":"airflow.task.hooks.airflow.providers.apache.spark.hooks.spark_submit.SparkSubmitHook"}
{"timestamp":"2025-10-21T21:47:39.597307","level":"info","event":"25/10/21 21:47:39 INFO ShutdownHookManager: Deleting directory /tmp/spark-361c6f44-f8da-42e3-b3be-c51df0d56128","logger":"airflow.task.hooks.airflow.providers.apache.spark.hooks.spark_submit.SparkSubmitHook"}
{"timestamp":"2025-10-21T21:47:39.609366","level":"info","event":"25/10/21 21:47:39 INFO ShutdownHookManager: Deleting directory /tmp/spark-e769e44a-596e-4cd9-807c-20545e578b2c","logger":"airflow.task.hooks.airflow.providers.apache.spark.hooks.spark_submit.SparkSubmitHook"}
{"timestamp":"2025-10-21T21:47:39.693353","level":"error","event":"Task failed with exception","logger":"task","error_detail":[{"exc_type":"AirflowException","exc_value":"Cannot execute: spark-submit --master spark-master:7077 --conf spark.master=spark://spark-master:7077 --conf spark.executor.memory=1g --conf spark.driver.memory=512m --conf spark.executor.cores=1 --conf spark.executor.instances=2 --name arrow-spark --verbose --deploy-mode client /opt/airflow/pyspark_instancia_pruebas/pyspark_instancia_pruebas/Ejercicio_2.py. Error code is: 1.","exc_notes":[],"syntax_error":null,"is_cause":false,"frames":[{"filename":"/home/airflow/.local/lib/python3.12/site-packages/airflow/sdk/execution_time/task_runner.py","lineno":920,"name":"run"},{"filename":"/home/airflow/.local/lib/python3.12/site-packages/airflow/sdk/execution_time/task_runner.py","lineno":1215,"name":"_execute_task"},{"filename":"/home/airflow/.local/lib/python3.12/site-packages/airflow/sdk/bases/operator.py","lineno":397,"name":"wrapper"},{"filename":"/home/airflow/.local/lib/python3.12/site-packages/airflow/providers/apache/spark/operators/spark_submit.py","lineno":197,"name":"execute"},{"filename":"/home/airflow/.local/lib/python3.12/site-packages/airflow/providers/apache/spark/hooks/spark_submit.py","lineno":566,"name":"submit"}],"is_group":false,"exceptions":[]}]}
{"timestamp":"2025-10-21T21:47:39.696882Z","level":"info","event":"Task instance in failure state","chan":"stdout","logger":"task"}
{"timestamp":"2025-10-21T21:47:39.698644Z","level":"info","event":"Task start","chan":"stdout","logger":"task"}
{"timestamp":"2025-10-21T21:47:39.704904Z","level":"info","event":"Task:<Task(SparkSubmitOperator): broadcast_salting>","chan":"stdout","logger":"task"}
{"timestamp":"2025-10-21T21:47:39.705672Z","level":"info","event":"Failure caused by Cannot execute: spark-submit --master spark-master:7077 --conf spark.master=spark://spark-master:7077 --conf spark.executor.memory=1g --conf spark.driver.memory=512m --conf spark.executor.cores=1 --conf spark.executor.instances=2 --name arrow-spark --verbose --deploy-mode client /opt/airflow/pyspark_instancia_pruebas/pyspark_instancia_pruebas/Ejercicio_2.py. Error code is: 1.","chan":"stdout","logger":"task"}
