{"timestamp":"2025-10-21T18:05:09.982487","level":"info","event":"DAG bundles loaded: dags-folder, example_dags","logger":"airflow.dag_processing.bundles.manager.DagBundlesManager"}
{"timestamp":"2025-10-21T18:05:09.983685","level":"info","event":"Filling up the DagBag from /opt/airflow/dags/rabbit_etl.py","logger":"airflow.models.dagbag.DagBag"}
{"timestamp":"2025-10-21T18:05:10.062107Z","level":"info","event":"Task instance is in running state","chan":"stdout","logger":"task"}
{"timestamp":"2025-10-21T18:05:10.062952Z","level":"info","event":" Previous state of the Task instance: TaskInstanceState.QUEUED","chan":"stdout","logger":"task"}
{"timestamp":"2025-10-21T18:05:10.063473Z","level":"info","event":"Current task name:carga_a_base_de_datos","chan":"stdout","logger":"task"}
{"timestamp":"2025-10-21T18:05:10.063878Z","level":"info","event":"Dag name:rabbit_to_db_pipeline","chan":"stdout","logger":"task"}
{"timestamp":"2025-10-21T18:05:10.065809","level":"warning","event":"/home/airflow/.local/lib/python3.12/site-packages/airflow/models/connection.py:471: DeprecationWarning: Using Connection.get_connection_from_secrets from `airflow.models` is deprecated.Please use `get` on Connection from sdk(`airflow.sdk.Connection`) instead\n  warnings.warn(\n","logger":"py.warnings"}
{"timestamp":"2025-10-21T18:05:10.080312","level":"info","event":"Could not load connection string spark_default, defaulting to yarn","logger":"airflow.task.hooks.airflow.providers.apache.spark.hooks.spark_submit.SparkSubmitHook"}
{"timestamp":"2025-10-21T18:05:10.081241","level":"info","event":"Spark-Submit cmd: spark-submit --master yarn --conf spark.master=spark://spark-master:7077 --name arrow-spark --verbose /opt/airflow/pyspark_instancia_pruebas/pyspark_instancia_pruebas/Ejercicio_5.py","logger":"airflow.task.hooks.airflow.providers.apache.spark.hooks.spark_submit.SparkSubmitHook"}
{"timestamp":"2025-10-21T18:05:11.164251","level":"info","event":"WARNING: Using incubator modules: jdk.incubator.vector","logger":"airflow.task.hooks.airflow.providers.apache.spark.hooks.spark_submit.SparkSubmitHook"}
{"timestamp":"2025-10-21T18:05:20.398008","level":"info","event":"Exception in thread \"main\" org.apache.spark.SparkException: When running with master 'yarn' either HADOOP_CONF_DIR or YARN_CONF_DIR must be set in the environment.","logger":"airflow.task.hooks.airflow.providers.apache.spark.hooks.spark_submit.SparkSubmitHook"}
{"timestamp":"2025-10-21T18:05:20.404079","level":"info","event":"at org.apache.spark.deploy.SparkSubmitArguments.error(SparkSubmitArguments.scala:640)","logger":"airflow.task.hooks.airflow.providers.apache.spark.hooks.spark_submit.SparkSubmitHook"}
{"timestamp":"2025-10-21T18:05:20.404745","level":"info","event":"at org.apache.spark.deploy.SparkSubmitArguments.validateSubmitArguments(SparkSubmitArguments.scala:287)","logger":"airflow.task.hooks.airflow.providers.apache.spark.hooks.spark_submit.SparkSubmitHook"}
{"timestamp":"2025-10-21T18:05:20.405265","level":"info","event":"at org.apache.spark.deploy.SparkSubmitArguments.validateArguments(SparkSubmitArguments.scala:245)","logger":"airflow.task.hooks.airflow.providers.apache.spark.hooks.spark_submit.SparkSubmitHook"}
{"timestamp":"2025-10-21T18:05:20.405541","level":"info","event":"at org.apache.spark.deploy.SparkSubmitArguments.<init>(SparkSubmitArguments.scala:104)","logger":"airflow.task.hooks.airflow.providers.apache.spark.hooks.spark_submit.SparkSubmitHook"}
{"timestamp":"2025-10-21T18:05:20.405739","level":"info","event":"at org.apache.spark.deploy.SparkSubmit$$anon$2$$anon$3.<init>(SparkSubmit.scala:1101)","logger":"airflow.task.hooks.airflow.providers.apache.spark.hooks.spark_submit.SparkSubmitHook"}
{"timestamp":"2025-10-21T18:05:20.405943","level":"info","event":"at org.apache.spark.deploy.SparkSubmit$$anon$2.parseArguments(SparkSubmit.scala:1101)","logger":"airflow.task.hooks.airflow.providers.apache.spark.hooks.spark_submit.SparkSubmitHook"}
{"timestamp":"2025-10-21T18:05:20.406125","level":"info","event":"at org.apache.spark.deploy.SparkSubmit.doSubmit(SparkSubmit.scala:72)","logger":"airflow.task.hooks.airflow.providers.apache.spark.hooks.spark_submit.SparkSubmitHook"}
{"timestamp":"2025-10-21T18:05:20.406306","level":"info","event":"at org.apache.spark.deploy.SparkSubmit$$anon$2.doSubmit(SparkSubmit.scala:1132)","logger":"airflow.task.hooks.airflow.providers.apache.spark.hooks.spark_submit.SparkSubmitHook"}
{"timestamp":"2025-10-21T18:05:20.406513","level":"info","event":"at org.apache.spark.deploy.SparkSubmit$.main(SparkSubmit.scala:1141)","logger":"airflow.task.hooks.airflow.providers.apache.spark.hooks.spark_submit.SparkSubmitHook"}
{"timestamp":"2025-10-21T18:05:20.406707","level":"info","event":"at org.apache.spark.deploy.SparkSubmit.main(SparkSubmit.scala)","logger":"airflow.task.hooks.airflow.providers.apache.spark.hooks.spark_submit.SparkSubmitHook"}
{"timestamp":"2025-10-21T18:05:20.513623","level":"error","event":"Task failed with exception","logger":"task","error_detail":[{"exc_type":"AirflowException","exc_value":"Cannot execute: spark-submit --master yarn --conf spark.master=spark://spark-master:7077 --name arrow-spark --verbose /opt/airflow/pyspark_instancia_pruebas/pyspark_instancia_pruebas/Ejercicio_5.py. Error code is: 1.","exc_notes":[],"syntax_error":null,"is_cause":false,"frames":[{"filename":"/home/airflow/.local/lib/python3.12/site-packages/airflow/sdk/execution_time/task_runner.py","lineno":920,"name":"run"},{"filename":"/home/airflow/.local/lib/python3.12/site-packages/airflow/sdk/execution_time/task_runner.py","lineno":1215,"name":"_execute_task"},{"filename":"/home/airflow/.local/lib/python3.12/site-packages/airflow/sdk/bases/operator.py","lineno":397,"name":"wrapper"},{"filename":"/home/airflow/.local/lib/python3.12/site-packages/airflow/providers/apache/spark/operators/spark_submit.py","lineno":197,"name":"execute"},{"filename":"/home/airflow/.local/lib/python3.12/site-packages/airflow/providers/apache/spark/hooks/spark_submit.py","lineno":566,"name":"submit"}],"is_group":false,"exceptions":[]}]}
{"timestamp":"2025-10-21T18:05:35.653841Z","level":"info","event":"Task instance in failure state","chan":"stdout","logger":"task"}
{"timestamp":"2025-10-21T18:05:35.691734Z","level":"info","event":"Task start","chan":"stdout","logger":"task"}
{"timestamp":"2025-10-21T18:05:35.737801Z","level":"info","event":"Task:<Task(SparkSubmitOperator): carga_a_base_de_datos>","chan":"stdout","logger":"task"}
{"timestamp":"2025-10-21T18:05:35.769352Z","level":"info","event":"Failure caused by Cannot execute: spark-submit --master yarn --conf spark.master=spark://spark-master:7077 --name arrow-spark --verbose /opt/airflow/pyspark_instancia_pruebas/pyspark_instancia_pruebas/Ejercicio_5.py. Error code is: 1.","chan":"stdout","logger":"task"}
