{"timestamp":"2025-10-17T00:00:05.020510","level":"info","event":"DAG bundles loaded: dags-folder, example_dags","logger":"airflow.dag_processing.bundles.manager.DagBundlesManager"}
{"timestamp":"2025-10-17T00:00:05.022860","level":"info","event":"Filling up the DagBag from /opt/airflow/dags/rabbit_etl.py","logger":"airflow.models.dagbag.DagBag"}
{"timestamp":"2025-10-17T00:00:05.326162Z","level":"info","event":"Task instance is in running state","chan":"stdout","logger":"task"}
{"timestamp":"2025-10-17T00:00:05.327905Z","level":"info","event":" Previous state of the Task instance: TaskInstanceState.QUEUED","chan":"stdout","logger":"task"}
{"timestamp":"2025-10-17T00:00:05.328640Z","level":"info","event":"Current task name:carga_a_base_de_datos","chan":"stdout","logger":"task"}
{"timestamp":"2025-10-17T00:00:05.329578Z","level":"info","event":"Dag name:rabbit_to_db_pipeline","chan":"stdout","logger":"task"}
{"timestamp":"2025-10-17T00:00:05.334920","level":"warning","event":"/home/airflow/.local/lib/python3.12/site-packages/airflow/models/connection.py:471: DeprecationWarning: Using Connection.get_connection_from_secrets from `airflow.models` is deprecated.Please use `get` on Connection from sdk(`airflow.sdk.Connection`) instead\n  warnings.warn(\n","logger":"py.warnings"}
{"timestamp":"2025-10-17T00:00:05.374027","level":"info","event":"Could not load connection string spark_default, defaulting to yarn","logger":"airflow.task.hooks.airflow.providers.apache.spark.hooks.spark_submit.SparkSubmitHook"}
{"timestamp":"2025-10-17T00:00:05.375534","level":"info","event":"Spark-Submit cmd: spark-submit --master yarn --conf spark.master=spark://spark-master:7077 --name arrow-spark --verbose /opt/airflow/pyspark_instancia_pruebas/pyspark_instancia_pruebas/Ejercicio_5.py","logger":"airflow.task.hooks.airflow.providers.apache.spark.hooks.spark_submit.SparkSubmitHook"}
{"timestamp":"2025-10-17T00:00:06.860974","level":"info","event":"WARNING: Using incubator modules: jdk.incubator.vector","logger":"airflow.task.hooks.airflow.providers.apache.spark.hooks.spark_submit.SparkSubmitHook"}
{"timestamp":"2025-10-17T00:00:09.385623","level":"info","event":"Exception in thread \"main\" org.apache.spark.SparkException: When running with master 'yarn' either HADOOP_CONF_DIR or YARN_CONF_DIR must be set in the environment.","logger":"airflow.task.hooks.airflow.providers.apache.spark.hooks.spark_submit.SparkSubmitHook"}
{"timestamp":"2025-10-17T00:00:09.386041","level":"info","event":"at org.apache.spark.deploy.SparkSubmitArguments.error(SparkSubmitArguments.scala:640)","logger":"airflow.task.hooks.airflow.providers.apache.spark.hooks.spark_submit.SparkSubmitHook"}
{"timestamp":"2025-10-17T00:00:09.386360","level":"info","event":"at org.apache.spark.deploy.SparkSubmitArguments.validateSubmitArguments(SparkSubmitArguments.scala:287)","logger":"airflow.task.hooks.airflow.providers.apache.spark.hooks.spark_submit.SparkSubmitHook"}
{"timestamp":"2025-10-17T00:00:09.386619","level":"info","event":"at org.apache.spark.deploy.SparkSubmitArguments.validateArguments(SparkSubmitArguments.scala:245)","logger":"airflow.task.hooks.airflow.providers.apache.spark.hooks.spark_submit.SparkSubmitHook"}
{"timestamp":"2025-10-17T00:00:09.386812","level":"info","event":"at org.apache.spark.deploy.SparkSubmitArguments.<init>(SparkSubmitArguments.scala:104)","logger":"airflow.task.hooks.airflow.providers.apache.spark.hooks.spark_submit.SparkSubmitHook"}
{"timestamp":"2025-10-17T00:00:09.386983","level":"info","event":"at org.apache.spark.deploy.SparkSubmit$$anon$2$$anon$3.<init>(SparkSubmit.scala:1101)","logger":"airflow.task.hooks.airflow.providers.apache.spark.hooks.spark_submit.SparkSubmitHook"}
{"timestamp":"2025-10-17T00:00:09.387151","level":"info","event":"at org.apache.spark.deploy.SparkSubmit$$anon$2.parseArguments(SparkSubmit.scala:1101)","logger":"airflow.task.hooks.airflow.providers.apache.spark.hooks.spark_submit.SparkSubmitHook"}
{"timestamp":"2025-10-17T00:00:09.387347","level":"info","event":"at org.apache.spark.deploy.SparkSubmit.doSubmit(SparkSubmit.scala:72)","logger":"airflow.task.hooks.airflow.providers.apache.spark.hooks.spark_submit.SparkSubmitHook"}
{"timestamp":"2025-10-17T00:00:09.387521","level":"info","event":"at org.apache.spark.deploy.SparkSubmit$$anon$2.doSubmit(SparkSubmit.scala:1132)","logger":"airflow.task.hooks.airflow.providers.apache.spark.hooks.spark_submit.SparkSubmitHook"}
{"timestamp":"2025-10-17T00:00:09.387641","level":"info","event":"at org.apache.spark.deploy.SparkSubmit$.main(SparkSubmit.scala:1141)","logger":"airflow.task.hooks.airflow.providers.apache.spark.hooks.spark_submit.SparkSubmitHook"}
{"timestamp":"2025-10-17T00:00:09.387856","level":"info","event":"at org.apache.spark.deploy.SparkSubmit.main(SparkSubmit.scala)","logger":"airflow.task.hooks.airflow.providers.apache.spark.hooks.spark_submit.SparkSubmitHook"}
{"timestamp":"2025-10-17T00:00:09.448696","level":"error","event":"Task failed with exception","logger":"task","error_detail":[{"exc_type":"AirflowException","exc_value":"Cannot execute: spark-submit --master yarn --conf spark.master=spark://spark-master:7077 --name arrow-spark --verbose /opt/airflow/pyspark_instancia_pruebas/pyspark_instancia_pruebas/Ejercicio_5.py. Error code is: 1.","exc_notes":[],"syntax_error":null,"is_cause":false,"frames":[{"filename":"/home/airflow/.local/lib/python3.12/site-packages/airflow/sdk/execution_time/task_runner.py","lineno":920,"name":"run"},{"filename":"/home/airflow/.local/lib/python3.12/site-packages/airflow/sdk/execution_time/task_runner.py","lineno":1215,"name":"_execute_task"},{"filename":"/home/airflow/.local/lib/python3.12/site-packages/airflow/sdk/bases/operator.py","lineno":397,"name":"wrapper"},{"filename":"/home/airflow/.local/lib/python3.12/site-packages/airflow/providers/apache/spark/operators/spark_submit.py","lineno":197,"name":"execute"},{"filename":"/home/airflow/.local/lib/python3.12/site-packages/airflow/providers/apache/spark/hooks/spark_submit.py","lineno":566,"name":"submit"}],"is_group":false,"exceptions":[]}]}
{"timestamp":"2025-10-17T00:00:09.652984Z","level":"info","event":"Task instance in failure state","chan":"stdout","logger":"task"}
{"timestamp":"2025-10-17T00:00:09.655957Z","level":"info","event":"Task start","chan":"stdout","logger":"task"}
{"timestamp":"2025-10-17T00:00:09.660182Z","level":"info","event":"Task:<Task(SparkSubmitOperator): carga_a_base_de_datos>","chan":"stdout","logger":"task"}
{"timestamp":"2025-10-17T00:00:09.662033Z","level":"info","event":"Failure caused by Cannot execute: spark-submit --master yarn --conf spark.master=spark://spark-master:7077 --name arrow-spark --verbose /opt/airflow/pyspark_instancia_pruebas/pyspark_instancia_pruebas/Ejercicio_5.py. Error code is: 1.","chan":"stdout","logger":"task"}
