{"timestamp":"2025-09-23T17:34:09.253686","level":"info","event":"DAG bundles loaded: dags-folder, example_dags","logger":"airflow.dag_processing.bundles.manager.DagBundlesManager"}
{"timestamp":"2025-09-23T17:34:09.254619","level":"info","event":"Filling up the DagBag from /opt/airflow/dags/EJERCICIO_2.py","logger":"airflow.models.dagbag.DagBag"}
{"timestamp":"2025-09-23T17:34:09.366467Z","level":"info","event":"Task instance is in running state","chan":"stdout","logger":"task"}
{"timestamp":"2025-09-23T17:34:09.367725Z","level":"info","event":" Previous state of the Task instance: TaskInstanceState.QUEUED","chan":"stdout","logger":"task"}
{"timestamp":"2025-09-23T17:34:09.368762Z","level":"info","event":"Current task name:broadcast_salting","chan":"stdout","logger":"task"}
{"timestamp":"2025-09-23T17:34:09.369541Z","level":"info","event":"Dag name:spark_join_con_mucha_informacion","chan":"stdout","logger":"task"}
{"timestamp":"2025-09-23T17:34:09.371690","level":"warning","event":"/home/airflow/.local/lib/python3.12/site-packages/airflow/models/connection.py:471: DeprecationWarning: Using Connection.get_connection_from_secrets from `airflow.models` is deprecated.Please use `get` on Connection from sdk(`airflow.sdk.Connection`) instead\n  warnings.warn(\n","logger":"py.warnings"}
{"timestamp":"2025-09-23T17:34:09.398376","level":"info","event":"Connection Retrieved 'spark_default'","logger":"airflow.hooks.base"}
{"timestamp":"2025-09-23T17:34:09.401800","level":"info","event":"Spark-Submit cmd: spark-submit --master spark://spark-master:7077 --conf spark.master=spark://spark-master:7077 --conf spark.executor.memory=1g --conf spark.driver.memory=512m --conf spark.executor.cores=1 --conf spark.executor.instances=2 --name arrow-spark --verbose --deploy-mode client /opt/airflow/pyspark_instancia_pruebas/pyspark_instancia_pruebas/Ejercicio_2.py","logger":"airflow.task.hooks.airflow.providers.apache.spark.hooks.spark_submit.SparkSubmitHook"}
{"timestamp":"2025-09-23T17:34:10.259243","level":"info","event":"WARNING: Using incubator modules: jdk.incubator.vector","logger":"airflow.task.hooks.airflow.providers.apache.spark.hooks.spark_submit.SparkSubmitHook"}
{"timestamp":"2025-09-23T17:34:13.002146","level":"info","event":"Parsed arguments:","logger":"airflow.task.hooks.airflow.providers.apache.spark.hooks.spark_submit.SparkSubmitHook"}
{"timestamp":"2025-09-23T17:34:13.002529","level":"info","event":"master                  spark://spark-master:7077","logger":"airflow.task.hooks.airflow.providers.apache.spark.hooks.spark_submit.SparkSubmitHook"}
{"timestamp":"2025-09-23T17:34:13.002735","level":"info","event":"remote                  null","logger":"airflow.task.hooks.airflow.providers.apache.spark.hooks.spark_submit.SparkSubmitHook"}
{"timestamp":"2025-09-23T17:34:13.002929","level":"info","event":"deployMode              client","logger":"airflow.task.hooks.airflow.providers.apache.spark.hooks.spark_submit.SparkSubmitHook"}
{"timestamp":"2025-09-23T17:34:13.003119","level":"info","event":"executorMemory          1g","logger":"airflow.task.hooks.airflow.providers.apache.spark.hooks.spark_submit.SparkSubmitHook"}
{"timestamp":"2025-09-23T17:34:13.003317","level":"info","event":"executorCores           1","logger":"airflow.task.hooks.airflow.providers.apache.spark.hooks.spark_submit.SparkSubmitHook"}
{"timestamp":"2025-09-23T17:34:13.003495","level":"info","event":"totalExecutorCores      null","logger":"airflow.task.hooks.airflow.providers.apache.spark.hooks.spark_submit.SparkSubmitHook"}
{"timestamp":"2025-09-23T17:34:13.003675","level":"info","event":"propertiesFile          null","logger":"airflow.task.hooks.airflow.providers.apache.spark.hooks.spark_submit.SparkSubmitHook"}
{"timestamp":"2025-09-23T17:34:13.003852","level":"info","event":"driverMemory            512m","logger":"airflow.task.hooks.airflow.providers.apache.spark.hooks.spark_submit.SparkSubmitHook"}
{"timestamp":"2025-09-23T17:34:13.004027","level":"info","event":"driverCores             null","logger":"airflow.task.hooks.airflow.providers.apache.spark.hooks.spark_submit.SparkSubmitHook"}
{"timestamp":"2025-09-23T17:34:13.005126","level":"info","event":"driverExtraClassPath    null","logger":"airflow.task.hooks.airflow.providers.apache.spark.hooks.spark_submit.SparkSubmitHook"}
{"timestamp":"2025-09-23T17:34:13.005587","level":"info","event":"driverExtraLibraryPath  null","logger":"airflow.task.hooks.airflow.providers.apache.spark.hooks.spark_submit.SparkSubmitHook"}
{"timestamp":"2025-09-23T17:34:13.005972","level":"info","event":"driverExtraJavaOptions  null","logger":"airflow.task.hooks.airflow.providers.apache.spark.hooks.spark_submit.SparkSubmitHook"}
{"timestamp":"2025-09-23T17:34:13.006516","level":"info","event":"supervise               false","logger":"airflow.task.hooks.airflow.providers.apache.spark.hooks.spark_submit.SparkSubmitHook"}
{"timestamp":"2025-09-23T17:34:13.006829","level":"info","event":"queue                   null","logger":"airflow.task.hooks.airflow.providers.apache.spark.hooks.spark_submit.SparkSubmitHook"}
{"timestamp":"2025-09-23T17:34:13.007428","level":"info","event":"numExecutors            2","logger":"airflow.task.hooks.airflow.providers.apache.spark.hooks.spark_submit.SparkSubmitHook"}
{"timestamp":"2025-09-23T17:34:13.008070","level":"info","event":"files                   null","logger":"airflow.task.hooks.airflow.providers.apache.spark.hooks.spark_submit.SparkSubmitHook"}
{"timestamp":"2025-09-23T17:34:13.008396","level":"info","event":"pyFiles                 null","logger":"airflow.task.hooks.airflow.providers.apache.spark.hooks.spark_submit.SparkSubmitHook"}
{"timestamp":"2025-09-23T17:34:13.008618","level":"info","event":"archives                null","logger":"airflow.task.hooks.airflow.providers.apache.spark.hooks.spark_submit.SparkSubmitHook"}
{"timestamp":"2025-09-23T17:34:13.008952","level":"info","event":"mainClass               null","logger":"airflow.task.hooks.airflow.providers.apache.spark.hooks.spark_submit.SparkSubmitHook"}
{"timestamp":"2025-09-23T17:34:13.009223","level":"info","event":"primaryResource         file:/opt/airflow/pyspark_instancia_pruebas/pyspark_instancia_pruebas/Ejercicio_2.py","logger":"airflow.task.hooks.airflow.providers.apache.spark.hooks.spark_submit.SparkSubmitHook"}
{"timestamp":"2025-09-23T17:34:13.009444","level":"info","event":"name                    arrow-spark","logger":"airflow.task.hooks.airflow.providers.apache.spark.hooks.spark_submit.SparkSubmitHook"}
{"timestamp":"2025-09-23T17:34:13.009695","level":"info","event":"childArgs               []","logger":"airflow.task.hooks.airflow.providers.apache.spark.hooks.spark_submit.SparkSubmitHook"}
{"timestamp":"2025-09-23T17:34:13.009906","level":"info","event":"jars                    null","logger":"airflow.task.hooks.airflow.providers.apache.spark.hooks.spark_submit.SparkSubmitHook"}
{"timestamp":"2025-09-23T17:34:13.010097","level":"info","event":"packages                null","logger":"airflow.task.hooks.airflow.providers.apache.spark.hooks.spark_submit.SparkSubmitHook"}
{"timestamp":"2025-09-23T17:34:13.010290","level":"info","event":"packagesExclusions      null","logger":"airflow.task.hooks.airflow.providers.apache.spark.hooks.spark_submit.SparkSubmitHook"}
{"timestamp":"2025-09-23T17:34:13.010453","level":"info","event":"repositories            null","logger":"airflow.task.hooks.airflow.providers.apache.spark.hooks.spark_submit.SparkSubmitHook"}
{"timestamp":"2025-09-23T17:34:13.010609","level":"info","event":"verbose                 true","logger":"airflow.task.hooks.airflow.providers.apache.spark.hooks.spark_submit.SparkSubmitHook"}
{"timestamp":"2025-09-23T17:34:13.010762","level":"info","event":"","logger":"airflow.task.hooks.airflow.providers.apache.spark.hooks.spark_submit.SparkSubmitHook"}
{"timestamp":"2025-09-23T17:34:13.010988","level":"info","event":"Spark properties used, including those specified through","logger":"airflow.task.hooks.airflow.providers.apache.spark.hooks.spark_submit.SparkSubmitHook"}
{"timestamp":"2025-09-23T17:34:13.011165","level":"info","event":"--conf and those from the properties file null:","logger":"airflow.task.hooks.airflow.providers.apache.spark.hooks.spark_submit.SparkSubmitHook"}
{"timestamp":"2025-09-23T17:34:13.011338","level":"info","event":"(spark.driver.memory,512m)","logger":"airflow.task.hooks.airflow.providers.apache.spark.hooks.spark_submit.SparkSubmitHook"}
{"timestamp":"2025-09-23T17:34:13.011487","level":"info","event":"(spark.executor.cores,1)","logger":"airflow.task.hooks.airflow.providers.apache.spark.hooks.spark_submit.SparkSubmitHook"}
{"timestamp":"2025-09-23T17:34:13.011635","level":"info","event":"(spark.executor.instances,2)","logger":"airflow.task.hooks.airflow.providers.apache.spark.hooks.spark_submit.SparkSubmitHook"}
{"timestamp":"2025-09-23T17:34:13.011785","level":"info","event":"(spark.executor.memory,1g)","logger":"airflow.task.hooks.airflow.providers.apache.spark.hooks.spark_submit.SparkSubmitHook"}
{"timestamp":"2025-09-23T17:34:13.011943","level":"info","event":"(spark.master,spark://spark-master:7077)","logger":"airflow.task.hooks.airflow.providers.apache.spark.hooks.spark_submit.SparkSubmitHook"}
{"timestamp":"2025-09-23T17:34:13.012114","level":"info","event":"","logger":"airflow.task.hooks.airflow.providers.apache.spark.hooks.spark_submit.SparkSubmitHook"}
{"timestamp":"2025-09-23T17:34:13.012280","level":"info","event":"","logger":"airflow.task.hooks.airflow.providers.apache.spark.hooks.spark_submit.SparkSubmitHook"}
{"timestamp":"2025-09-23T17:34:13.483454","level":"info","event":"Main class:","logger":"airflow.task.hooks.airflow.providers.apache.spark.hooks.spark_submit.SparkSubmitHook"}
{"timestamp":"2025-09-23T17:34:13.483971","level":"info","event":"org.apache.spark.deploy.PythonRunner","logger":"airflow.task.hooks.airflow.providers.apache.spark.hooks.spark_submit.SparkSubmitHook"}
{"timestamp":"2025-09-23T17:34:13.485574","level":"info","event":"Arguments:","logger":"airflow.task.hooks.airflow.providers.apache.spark.hooks.spark_submit.SparkSubmitHook"}
{"timestamp":"2025-09-23T17:34:13.485993","level":"info","event":"file:/opt/airflow/pyspark_instancia_pruebas/pyspark_instancia_pruebas/Ejercicio_2.py","logger":"airflow.task.hooks.airflow.providers.apache.spark.hooks.spark_submit.SparkSubmitHook"}
{"timestamp":"2025-09-23T17:34:13.486225","level":"info","event":"null","logger":"airflow.task.hooks.airflow.providers.apache.spark.hooks.spark_submit.SparkSubmitHook"}
{"timestamp":"2025-09-23T17:34:13.489612","level":"info","event":"Spark config:","logger":"airflow.task.hooks.airflow.providers.apache.spark.hooks.spark_submit.SparkSubmitHook"}
{"timestamp":"2025-09-23T17:34:13.490519","level":"info","event":"(spark.app.name,arrow-spark)","logger":"airflow.task.hooks.airflow.providers.apache.spark.hooks.spark_submit.SparkSubmitHook"}
{"timestamp":"2025-09-23T17:34:13.491154","level":"info","event":"(spark.app.submitTime,1758648853412)","logger":"airflow.task.hooks.airflow.providers.apache.spark.hooks.spark_submit.SparkSubmitHook"}
{"timestamp":"2025-09-23T17:34:13.491540","level":"info","event":"(spark.driver.memory,512m)","logger":"airflow.task.hooks.airflow.providers.apache.spark.hooks.spark_submit.SparkSubmitHook"}
{"timestamp":"2025-09-23T17:34:13.491789","level":"info","event":"(spark.executor.cores,1)","logger":"airflow.task.hooks.airflow.providers.apache.spark.hooks.spark_submit.SparkSubmitHook"}
{"timestamp":"2025-09-23T17:34:13.492430","level":"info","event":"(spark.executor.instances,2)","logger":"airflow.task.hooks.airflow.providers.apache.spark.hooks.spark_submit.SparkSubmitHook"}
{"timestamp":"2025-09-23T17:34:13.492797","level":"info","event":"(spark.executor.memory,1g)","logger":"airflow.task.hooks.airflow.providers.apache.spark.hooks.spark_submit.SparkSubmitHook"}
{"timestamp":"2025-09-23T17:34:13.493313","level":"info","event":"(spark.master,spark://spark-master:7077)","logger":"airflow.task.hooks.airflow.providers.apache.spark.hooks.spark_submit.SparkSubmitHook"}
{"timestamp":"2025-09-23T17:34:13.493685","level":"info","event":"(spark.submit.deployMode,client)","logger":"airflow.task.hooks.airflow.providers.apache.spark.hooks.spark_submit.SparkSubmitHook"}
{"timestamp":"2025-09-23T17:34:13.494051","level":"info","event":"(spark.submit.pyFiles,)","logger":"airflow.task.hooks.airflow.providers.apache.spark.hooks.spark_submit.SparkSubmitHook"}
{"timestamp":"2025-09-23T17:34:13.494358","level":"info","event":"Classpath elements:","logger":"airflow.task.hooks.airflow.providers.apache.spark.hooks.spark_submit.SparkSubmitHook"}
{"timestamp":"2025-09-23T17:34:13.494686","level":"info","event":"","logger":"airflow.task.hooks.airflow.providers.apache.spark.hooks.spark_submit.SparkSubmitHook"}
{"timestamp":"2025-09-23T17:34:13.494916","level":"info","event":"","logger":"airflow.task.hooks.airflow.providers.apache.spark.hooks.spark_submit.SparkSubmitHook"}
{"timestamp":"2025-09-23T17:34:13.495129","level":"info","event":"","logger":"airflow.task.hooks.airflow.providers.apache.spark.hooks.spark_submit.SparkSubmitHook"}
{"timestamp":"2025-09-23T17:34:17.788921","level":"info","event":"Using Spark's default log4j profile: org/apache/spark/log4j2-defaults.properties","logger":"airflow.task.hooks.airflow.providers.apache.spark.hooks.spark_submit.SparkSubmitHook"}
{"timestamp":"2025-09-23T17:34:17.809442","level":"info","event":"25/09/23 17:34:17 INFO SparkContext: Running Spark version 4.0.1","logger":"airflow.task.hooks.airflow.providers.apache.spark.hooks.spark_submit.SparkSubmitHook"}
{"timestamp":"2025-09-23T17:34:17.825396","level":"info","event":"25/09/23 17:34:17 INFO SparkContext: OS info Linux, 6.6.87.2-microsoft-standard-WSL2, amd64","logger":"airflow.task.hooks.airflow.providers.apache.spark.hooks.spark_submit.SparkSubmitHook"}
{"timestamp":"2025-09-23T17:34:17.828318","level":"info","event":"25/09/23 17:34:17 INFO SparkContext: Java version 17.0.16","logger":"airflow.task.hooks.airflow.providers.apache.spark.hooks.spark_submit.SparkSubmitHook"}
{"timestamp":"2025-09-23T17:34:18.124046","level":"info","event":"25/09/23 17:34:18 WARN NativeCodeLoader: Unable to load native-hadoop library for your platform... using builtin-java classes where applicable","logger":"airflow.task.hooks.airflow.providers.apache.spark.hooks.spark_submit.SparkSubmitHook"}
{"timestamp":"2025-09-23T17:34:18.270670","level":"info","event":"25/09/23 17:34:18 INFO ResourceUtils: ==============================================================","logger":"airflow.task.hooks.airflow.providers.apache.spark.hooks.spark_submit.SparkSubmitHook"}
{"timestamp":"2025-09-23T17:34:18.271395","level":"info","event":"25/09/23 17:34:18 INFO ResourceUtils: No custom resources configured for spark.driver.","logger":"airflow.task.hooks.airflow.providers.apache.spark.hooks.spark_submit.SparkSubmitHook"}
{"timestamp":"2025-09-23T17:34:18.272176","level":"info","event":"25/09/23 17:34:18 INFO ResourceUtils: ==============================================================","logger":"airflow.task.hooks.airflow.providers.apache.spark.hooks.spark_submit.SparkSubmitHook"}
{"timestamp":"2025-09-23T17:34:18.274761","level":"info","event":"25/09/23 17:34:18 INFO SparkContext: Submitted application: SkewCartesianExample","logger":"airflow.task.hooks.airflow.providers.apache.spark.hooks.spark_submit.SparkSubmitHook"}
{"timestamp":"2025-09-23T17:34:18.337050","level":"info","event":"25/09/23 17:34:18 INFO ResourceProfile: Default ResourceProfile created, executor resources: Map(cores -> name: cores, amount: 1, script: , vendor: , memory -> name: memory, amount: 1024, script: , vendor: , offHeap -> name: offHeap, amount: 0, script: , vendor: ), task resources: Map(cpus -> name: cpus, amount: 1.0)","logger":"airflow.task.hooks.airflow.providers.apache.spark.hooks.spark_submit.SparkSubmitHook"}
{"timestamp":"2025-09-23T17:34:18.349981","level":"info","event":"25/09/23 17:34:18 INFO ResourceProfile: Limiting resource is cpus at 1 tasks per executor","logger":"airflow.task.hooks.airflow.providers.apache.spark.hooks.spark_submit.SparkSubmitHook"}
{"timestamp":"2025-09-23T17:34:18.355724","level":"info","event":"25/09/23 17:34:18 INFO ResourceProfileManager: Added ResourceProfile id: 0","logger":"airflow.task.hooks.airflow.providers.apache.spark.hooks.spark_submit.SparkSubmitHook"}
{"timestamp":"2025-09-23T17:34:18.465772","level":"info","event":"25/09/23 17:34:18 INFO SecurityManager: Changing view acls to: airflow","logger":"airflow.task.hooks.airflow.providers.apache.spark.hooks.spark_submit.SparkSubmitHook"}
{"timestamp":"2025-09-23T17:34:18.468512","level":"info","event":"25/09/23 17:34:18 INFO SecurityManager: Changing modify acls to: airflow","logger":"airflow.task.hooks.airflow.providers.apache.spark.hooks.spark_submit.SparkSubmitHook"}
{"timestamp":"2025-09-23T17:34:18.470098","level":"info","event":"25/09/23 17:34:18 INFO SecurityManager: Changing view acls groups to: airflow","logger":"airflow.task.hooks.airflow.providers.apache.spark.hooks.spark_submit.SparkSubmitHook"}
{"timestamp":"2025-09-23T17:34:18.471279","level":"info","event":"25/09/23 17:34:18 INFO SecurityManager: Changing modify acls groups to: airflow","logger":"airflow.task.hooks.airflow.providers.apache.spark.hooks.spark_submit.SparkSubmitHook"}
{"timestamp":"2025-09-23T17:34:18.477322","level":"info","event":"25/09/23 17:34:18 INFO SecurityManager: SecurityManager: authentication disabled; ui acls disabled; users with view permissions: airflow groups with view permissions: EMPTY; users with modify permissions: airflow; groups with modify permissions: EMPTY; RPC SSL disabled","logger":"airflow.task.hooks.airflow.providers.apache.spark.hooks.spark_submit.SparkSubmitHook"}
{"timestamp":"2025-09-23T17:34:19.116692","level":"info","event":"25/09/23 17:34:19 INFO Utils: Successfully started service 'sparkDriver' on port 33741.","logger":"airflow.task.hooks.airflow.providers.apache.spark.hooks.spark_submit.SparkSubmitHook"}
{"timestamp":"2025-09-23T17:34:19.194577","level":"info","event":"25/09/23 17:34:19 INFO SparkEnv: Registering MapOutputTracker","logger":"airflow.task.hooks.airflow.providers.apache.spark.hooks.spark_submit.SparkSubmitHook"}
{"timestamp":"2025-09-23T17:34:19.234947","level":"info","event":"25/09/23 17:34:19 INFO SparkEnv: Registering BlockManagerMaster","logger":"airflow.task.hooks.airflow.providers.apache.spark.hooks.spark_submit.SparkSubmitHook"}
{"timestamp":"2025-09-23T17:34:19.288911","level":"info","event":"25/09/23 17:34:19 INFO BlockManagerMasterEndpoint: Using org.apache.spark.storage.DefaultTopologyMapper for getting topology information","logger":"airflow.task.hooks.airflow.providers.apache.spark.hooks.spark_submit.SparkSubmitHook"}
{"timestamp":"2025-09-23T17:34:19.290482","level":"info","event":"25/09/23 17:34:19 INFO BlockManagerMasterEndpoint: BlockManagerMasterEndpoint up","logger":"airflow.task.hooks.airflow.providers.apache.spark.hooks.spark_submit.SparkSubmitHook"}
{"timestamp":"2025-09-23T17:34:19.302163","level":"info","event":"25/09/23 17:34:19 INFO SparkEnv: Registering BlockManagerMasterHeartbeat","logger":"airflow.task.hooks.airflow.providers.apache.spark.hooks.spark_submit.SparkSubmitHook"}
{"timestamp":"2025-09-23T17:34:19.354382","level":"info","event":"25/09/23 17:34:19 INFO DiskBlockManager: Created local directory at /tmp/blockmgr-b8a72cd8-e9f6-4792-b35d-3d94b6b0c736","logger":"airflow.task.hooks.airflow.providers.apache.spark.hooks.spark_submit.SparkSubmitHook"}
{"timestamp":"2025-09-23T17:34:19.408509","level":"info","event":"25/09/23 17:34:19 INFO SparkEnv: Registering OutputCommitCoordinator","logger":"airflow.task.hooks.airflow.providers.apache.spark.hooks.spark_submit.SparkSubmitHook"}
{"timestamp":"2025-09-23T17:34:19.810479","level":"info","event":"25/09/23 17:34:19 INFO JettyUtils: Start Jetty 0.0.0.0:4040 for SparkUI","logger":"airflow.task.hooks.airflow.providers.apache.spark.hooks.spark_submit.SparkSubmitHook"}
{"timestamp":"2025-09-23T17:34:20.121113","level":"info","event":"25/09/23 17:34:20 INFO Utils: Successfully started service 'SparkUI' on port 4040.","logger":"airflow.task.hooks.airflow.providers.apache.spark.hooks.spark_submit.SparkSubmitHook"}
{"timestamp":"2025-09-23T17:34:20.373434","level":"info","event":"25/09/23 17:34:20 INFO SecurityManager: Changing view acls to: airflow","logger":"airflow.task.hooks.airflow.providers.apache.spark.hooks.spark_submit.SparkSubmitHook"}
{"timestamp":"2025-09-23T17:34:20.373912","level":"info","event":"25/09/23 17:34:20 INFO SecurityManager: Changing modify acls to: airflow","logger":"airflow.task.hooks.airflow.providers.apache.spark.hooks.spark_submit.SparkSubmitHook"}
{"timestamp":"2025-09-23T17:34:20.374279","level":"info","event":"25/09/23 17:34:20 INFO SecurityManager: Changing view acls groups to: airflow","logger":"airflow.task.hooks.airflow.providers.apache.spark.hooks.spark_submit.SparkSubmitHook"}
{"timestamp":"2025-09-23T17:34:20.377305","level":"info","event":"25/09/23 17:34:20 INFO SecurityManager: Changing modify acls groups to: airflow","logger":"airflow.task.hooks.airflow.providers.apache.spark.hooks.spark_submit.SparkSubmitHook"}
{"timestamp":"2025-09-23T17:34:20.378193","level":"info","event":"25/09/23 17:34:20 INFO SecurityManager: SecurityManager: authentication disabled; ui acls disabled; users with view permissions: airflow groups with view permissions: EMPTY; users with modify permissions: airflow; groups with modify permissions: EMPTY; RPC SSL disabled","logger":"airflow.task.hooks.airflow.providers.apache.spark.hooks.spark_submit.SparkSubmitHook"}
{"timestamp":"2025-09-23T17:34:20.844191","level":"info","event":"25/09/23 17:34:20 INFO StandaloneAppClient$ClientEndpoint: Connecting to master spark://spark-master:7077...","logger":"airflow.task.hooks.airflow.providers.apache.spark.hooks.spark_submit.SparkSubmitHook"}
{"timestamp":"2025-09-23T17:34:24.721454","level":"info","event":"25/09/23 17:34:24 WARN TransportClientFactory: DNS resolution failed for spark-master/<unresolved>:7077 took 3833 ms","logger":"airflow.task.hooks.airflow.providers.apache.spark.hooks.spark_submit.SparkSubmitHook"}
{"timestamp":"2025-09-23T17:34:24.764747","level":"info","event":"25/09/23 17:34:24 WARN StandaloneAppClient$ClientEndpoint: Failed to connect to master spark-master:7077","logger":"airflow.task.hooks.airflow.providers.apache.spark.hooks.spark_submit.SparkSubmitHook"}
{"timestamp":"2025-09-23T17:34:24.765016","level":"info","event":"org.apache.spark.SparkException: Exception thrown in awaitResult:","logger":"airflow.task.hooks.airflow.providers.apache.spark.hooks.spark_submit.SparkSubmitHook"}
{"timestamp":"2025-09-23T17:34:24.765110","level":"info","event":"at org.apache.spark.util.SparkThreadUtils$.awaitResult(SparkThreadUtils.scala:53)","logger":"airflow.task.hooks.airflow.providers.apache.spark.hooks.spark_submit.SparkSubmitHook"}
{"timestamp":"2025-09-23T17:34:24.765190","level":"info","event":"at org.apache.spark.util.ThreadUtils$.awaitResult(ThreadUtils.scala:342)","logger":"airflow.task.hooks.airflow.providers.apache.spark.hooks.spark_submit.SparkSubmitHook"}
{"timestamp":"2025-09-23T17:34:24.765265","level":"info","event":"at org.apache.spark.rpc.RpcTimeout.awaitResult(RpcTimeout.scala:75)","logger":"airflow.task.hooks.airflow.providers.apache.spark.hooks.spark_submit.SparkSubmitHook"}
{"timestamp":"2025-09-23T17:34:24.765336","level":"info","event":"at org.apache.spark.rpc.RpcEnv.setupEndpointRefByURI(RpcEnv.scala:102)","logger":"airflow.task.hooks.airflow.providers.apache.spark.hooks.spark_submit.SparkSubmitHook"}
{"timestamp":"2025-09-23T17:34:24.765470","level":"info","event":"at org.apache.spark.rpc.RpcEnv.setupEndpointRef(RpcEnv.scala:110)","logger":"airflow.task.hooks.airflow.providers.apache.spark.hooks.spark_submit.SparkSubmitHook"}
{"timestamp":"2025-09-23T17:34:24.765544","level":"info","event":"at org.apache.spark.deploy.client.StandaloneAppClient$ClientEndpoint$$anon$1.run(StandaloneAppClient.scala:110)","logger":"airflow.task.hooks.airflow.providers.apache.spark.hooks.spark_submit.SparkSubmitHook"}
{"timestamp":"2025-09-23T17:34:24.765612","level":"info","event":"at java.base/java.util.concurrent.Executors$RunnableAdapter.call(Executors.java:539)","logger":"airflow.task.hooks.airflow.providers.apache.spark.hooks.spark_submit.SparkSubmitHook"}
{"timestamp":"2025-09-23T17:34:24.765677","level":"info","event":"at java.base/java.util.concurrent.FutureTask.run(FutureTask.java:264)","logger":"airflow.task.hooks.airflow.providers.apache.spark.hooks.spark_submit.SparkSubmitHook"}
{"timestamp":"2025-09-23T17:34:24.765741","level":"info","event":"at java.base/java.util.concurrent.ThreadPoolExecutor.runWorker(ThreadPoolExecutor.java:1136)","logger":"airflow.task.hooks.airflow.providers.apache.spark.hooks.spark_submit.SparkSubmitHook"}
{"timestamp":"2025-09-23T17:34:24.765825","level":"info","event":"at java.base/java.util.concurrent.ThreadPoolExecutor$Worker.run(ThreadPoolExecutor.java:635)","logger":"airflow.task.hooks.airflow.providers.apache.spark.hooks.spark_submit.SparkSubmitHook"}
{"timestamp":"2025-09-23T17:34:24.765909","level":"info","event":"at java.base/java.lang.Thread.run(Thread.java:840)","logger":"airflow.task.hooks.airflow.providers.apache.spark.hooks.spark_submit.SparkSubmitHook"}
{"timestamp":"2025-09-23T17:34:24.765978","level":"info","event":"Caused by: java.io.IOException: Failed to connect to spark-master/<unresolved>:7077","logger":"airflow.task.hooks.airflow.providers.apache.spark.hooks.spark_submit.SparkSubmitHook"}
{"timestamp":"2025-09-23T17:34:24.766044","level":"info","event":"at org.apache.spark.network.client.TransportClientFactory.createClient(TransportClientFactory.java:305)","logger":"airflow.task.hooks.airflow.providers.apache.spark.hooks.spark_submit.SparkSubmitHook"}
{"timestamp":"2025-09-23T17:34:24.766110","level":"info","event":"at org.apache.spark.network.client.TransportClientFactory.createClient(TransportClientFactory.java:225)","logger":"airflow.task.hooks.airflow.providers.apache.spark.hooks.spark_submit.SparkSubmitHook"}
{"timestamp":"2025-09-23T17:34:24.766174","level":"info","event":"at org.apache.spark.network.client.TransportClientFactory.createClient(TransportClientFactory.java:237)","logger":"airflow.task.hooks.airflow.providers.apache.spark.hooks.spark_submit.SparkSubmitHook"}
{"timestamp":"2025-09-23T17:34:24.766236","level":"info","event":"at org.apache.spark.rpc.netty.NettyRpcEnv.createClient(NettyRpcEnv.scala:207)","logger":"airflow.task.hooks.airflow.providers.apache.spark.hooks.spark_submit.SparkSubmitHook"}
{"timestamp":"2025-09-23T17:34:24.766299","level":"info","event":"at org.apache.spark.rpc.netty.Outbox$$anon$1.call(Outbox.scala:202)","logger":"airflow.task.hooks.airflow.providers.apache.spark.hooks.spark_submit.SparkSubmitHook"}
{"timestamp":"2025-09-23T17:34:24.766399","level":"info","event":"at org.apache.spark.rpc.netty.Outbox$$anon$1.call(Outbox.scala:198)","logger":"airflow.task.hooks.airflow.providers.apache.spark.hooks.spark_submit.SparkSubmitHook"}
{"timestamp":"2025-09-23T17:34:24.766482","level":"info","event":"... 4 more","logger":"airflow.task.hooks.airflow.providers.apache.spark.hooks.spark_submit.SparkSubmitHook"}
{"timestamp":"2025-09-23T17:34:24.766548","level":"info","event":"Caused by: java.net.UnknownHostException: spark-master","logger":"airflow.task.hooks.airflow.providers.apache.spark.hooks.spark_submit.SparkSubmitHook"}
{"timestamp":"2025-09-23T17:34:24.766612","level":"info","event":"at java.base/java.net.InetAddress$CachedAddresses.get(InetAddress.java:801)","logger":"airflow.task.hooks.airflow.providers.apache.spark.hooks.spark_submit.SparkSubmitHook"}
{"timestamp":"2025-09-23T17:34:24.766675","level":"info","event":"at java.base/java.net.InetAddress.getAllByName0(InetAddress.java:1533)","logger":"airflow.task.hooks.airflow.providers.apache.spark.hooks.spark_submit.SparkSubmitHook"}
{"timestamp":"2025-09-23T17:34:24.766737","level":"info","event":"at java.base/java.net.InetAddress.getAllByName(InetAddress.java:1385)","logger":"airflow.task.hooks.airflow.providers.apache.spark.hooks.spark_submit.SparkSubmitHook"}
{"timestamp":"2025-09-23T17:34:24.766798","level":"info","event":"at java.base/java.net.InetAddress.getAllByName(InetAddress.java:1306)","logger":"airflow.task.hooks.airflow.providers.apache.spark.hooks.spark_submit.SparkSubmitHook"}
{"timestamp":"2025-09-23T17:34:24.766858","level":"info","event":"at java.base/java.net.InetAddress.getByName(InetAddress.java:1256)","logger":"airflow.task.hooks.airflow.providers.apache.spark.hooks.spark_submit.SparkSubmitHook"}
{"timestamp":"2025-09-23T17:34:24.766919","level":"info","event":"at io.netty.util.internal.SocketUtils$8.run(SocketUtils.java:156)","logger":"airflow.task.hooks.airflow.providers.apache.spark.hooks.spark_submit.SparkSubmitHook"}
{"timestamp":"2025-09-23T17:34:24.766979","level":"info","event":"at io.netty.util.internal.SocketUtils$8.run(SocketUtils.java:153)","logger":"airflow.task.hooks.airflow.providers.apache.spark.hooks.spark_submit.SparkSubmitHook"}
{"timestamp":"2025-09-23T17:34:24.767040","level":"info","event":"at java.base/java.security.AccessController.doPrivileged(AccessController.java:569)","logger":"airflow.task.hooks.airflow.providers.apache.spark.hooks.spark_submit.SparkSubmitHook"}
{"timestamp":"2025-09-23T17:34:24.767104","level":"info","event":"at io.netty.util.internal.SocketUtils.addressByName(SocketUtils.java:153)","logger":"airflow.task.hooks.airflow.providers.apache.spark.hooks.spark_submit.SparkSubmitHook"}
{"timestamp":"2025-09-23T17:34:24.767165","level":"info","event":"at io.netty.resolver.DefaultNameResolver.doResolve(DefaultNameResolver.java:41)","logger":"airflow.task.hooks.airflow.providers.apache.spark.hooks.spark_submit.SparkSubmitHook"}
{"timestamp":"2025-09-23T17:34:24.767227","level":"info","event":"at io.netty.resolver.SimpleNameResolver.resolve(SimpleNameResolver.java:61)","logger":"airflow.task.hooks.airflow.providers.apache.spark.hooks.spark_submit.SparkSubmitHook"}
{"timestamp":"2025-09-23T17:34:24.767289","level":"info","event":"at io.netty.resolver.SimpleNameResolver.resolve(SimpleNameResolver.java:53)","logger":"airflow.task.hooks.airflow.providers.apache.spark.hooks.spark_submit.SparkSubmitHook"}
{"timestamp":"2025-09-23T17:34:24.767350","level":"info","event":"at io.netty.resolver.InetSocketAddressResolver.doResolve(InetSocketAddressResolver.java:55)","logger":"airflow.task.hooks.airflow.providers.apache.spark.hooks.spark_submit.SparkSubmitHook"}
{"timestamp":"2025-09-23T17:34:24.767467","level":"info","event":"at io.netty.resolver.InetSocketAddressResolver.doResolve(InetSocketAddressResolver.java:31)","logger":"airflow.task.hooks.airflow.providers.apache.spark.hooks.spark_submit.SparkSubmitHook"}
{"timestamp":"2025-09-23T17:34:24.767596","level":"info","event":"at io.netty.resolver.AbstractAddressResolver.resolve(AbstractAddressResolver.java:106)","logger":"airflow.task.hooks.airflow.providers.apache.spark.hooks.spark_submit.SparkSubmitHook"}
{"timestamp":"2025-09-23T17:34:24.767685","level":"info","event":"at io.netty.bootstrap.Bootstrap.doResolveAndConnect0(Bootstrap.java:220)","logger":"airflow.task.hooks.airflow.providers.apache.spark.hooks.spark_submit.SparkSubmitHook"}
{"timestamp":"2025-09-23T17:34:24.767756","level":"info","event":"at io.netty.bootstrap.Bootstrap.access$000(Bootstrap.java:47)","logger":"airflow.task.hooks.airflow.providers.apache.spark.hooks.spark_submit.SparkSubmitHook"}
{"timestamp":"2025-09-23T17:34:24.767821","level":"info","event":"at io.netty.bootstrap.Bootstrap$1.operationComplete(Bootstrap.java:189)","logger":"airflow.task.hooks.airflow.providers.apache.spark.hooks.spark_submit.SparkSubmitHook"}
{"timestamp":"2025-09-23T17:34:24.767884","level":"info","event":"at io.netty.bootstrap.Bootstrap$1.operationComplete(Bootstrap.java:175)","logger":"airflow.task.hooks.airflow.providers.apache.spark.hooks.spark_submit.SparkSubmitHook"}
{"timestamp":"2025-09-23T17:34:24.768025","level":"info","event":"at io.netty.util.concurrent.DefaultPromise.notifyListener0(DefaultPromise.java:590)","logger":"airflow.task.hooks.airflow.providers.apache.spark.hooks.spark_submit.SparkSubmitHook"}
{"timestamp":"2025-09-23T17:34:24.768091","level":"info","event":"at io.netty.util.concurrent.DefaultPromise.notifyListenersNow(DefaultPromise.java:557)","logger":"airflow.task.hooks.airflow.providers.apache.spark.hooks.spark_submit.SparkSubmitHook"}
{"timestamp":"2025-09-23T17:34:24.768158","level":"info","event":"at io.netty.util.concurrent.DefaultPromise.notifyListeners(DefaultPromise.java:492)","logger":"airflow.task.hooks.airflow.providers.apache.spark.hooks.spark_submit.SparkSubmitHook"}
{"timestamp":"2025-09-23T17:34:24.768218","level":"info","event":"at io.netty.util.concurrent.DefaultPromise.setValue0(DefaultPromise.java:636)","logger":"airflow.task.hooks.airflow.providers.apache.spark.hooks.spark_submit.SparkSubmitHook"}
{"timestamp":"2025-09-23T17:34:24.768284","level":"info","event":"at io.netty.util.concurrent.DefaultPromise.setSuccess0(DefaultPromise.java:625)","logger":"airflow.task.hooks.airflow.providers.apache.spark.hooks.spark_submit.SparkSubmitHook"}
{"timestamp":"2025-09-23T17:34:24.768463","level":"info","event":"at io.netty.util.concurrent.DefaultPromise.trySuccess(DefaultPromise.java:105)","logger":"airflow.task.hooks.airflow.providers.apache.spark.hooks.spark_submit.SparkSubmitHook"}
{"timestamp":"2025-09-23T17:34:24.768563","level":"info","event":"at io.netty.channel.DefaultChannelPromise.trySuccess(DefaultChannelPromise.java:84)","logger":"airflow.task.hooks.airflow.providers.apache.spark.hooks.spark_submit.SparkSubmitHook"}
{"timestamp":"2025-09-23T17:34:24.768627","level":"info","event":"at io.netty.channel.AbstractChannel$AbstractUnsafe.safeSetSuccess(AbstractChannel.java:988)","logger":"airflow.task.hooks.airflow.providers.apache.spark.hooks.spark_submit.SparkSubmitHook"}
{"timestamp":"2025-09-23T17:34:24.768689","level":"info","event":"at io.netty.channel.AbstractChannel$AbstractUnsafe.register0(AbstractChannel.java:515)","logger":"airflow.task.hooks.airflow.providers.apache.spark.hooks.spark_submit.SparkSubmitHook"}
{"timestamp":"2025-09-23T17:34:24.768747","level":"info","event":"at io.netty.channel.AbstractChannel$AbstractUnsafe.access$200(AbstractChannel.java:428)","logger":"airflow.task.hooks.airflow.providers.apache.spark.hooks.spark_submit.SparkSubmitHook"}
{"timestamp":"2025-09-23T17:34:24.768807","level":"info","event":"at io.netty.channel.AbstractChannel$AbstractUnsafe$1.run(AbstractChannel.java:485)","logger":"airflow.task.hooks.airflow.providers.apache.spark.hooks.spark_submit.SparkSubmitHook"}
{"timestamp":"2025-09-23T17:34:24.768867","level":"info","event":"at io.netty.util.concurrent.AbstractEventExecutor.runTask(AbstractEventExecutor.java:173)","logger":"airflow.task.hooks.airflow.providers.apache.spark.hooks.spark_submit.SparkSubmitHook"}
{"timestamp":"2025-09-23T17:34:24.768965","level":"info","event":"at io.netty.util.concurrent.AbstractEventExecutor.safeExecute(AbstractEventExecutor.java:166)","logger":"airflow.task.hooks.airflow.providers.apache.spark.hooks.spark_submit.SparkSubmitHook"}
{"timestamp":"2025-09-23T17:34:24.769049","level":"info","event":"at io.netty.util.concurrent.SingleThreadEventExecutor.runAllTasks(SingleThreadEventExecutor.java:472)","logger":"airflow.task.hooks.airflow.providers.apache.spark.hooks.spark_submit.SparkSubmitHook"}
{"timestamp":"2025-09-23T17:34:24.769145","level":"info","event":"at io.netty.channel.nio.NioEventLoop.run(NioEventLoop.java:569)","logger":"airflow.task.hooks.airflow.providers.apache.spark.hooks.spark_submit.SparkSubmitHook"}
{"timestamp":"2025-09-23T17:34:24.769207","level":"info","event":"at io.netty.util.concurrent.SingleThreadEventExecutor$4.run(SingleThreadEventExecutor.java:998)","logger":"airflow.task.hooks.airflow.providers.apache.spark.hooks.spark_submit.SparkSubmitHook"}
{"timestamp":"2025-09-23T17:34:24.769265","level":"info","event":"at io.netty.util.internal.ThreadExecutorMap$2.run(ThreadExecutorMap.java:74)","logger":"airflow.task.hooks.airflow.providers.apache.spark.hooks.spark_submit.SparkSubmitHook"}
{"timestamp":"2025-09-23T17:34:24.769324","level":"info","event":"at io.netty.util.concurrent.FastThreadLocalRunnable.run(FastThreadLocalRunnable.java:30)","logger":"airflow.task.hooks.airflow.providers.apache.spark.hooks.spark_submit.SparkSubmitHook"}
{"timestamp":"2025-09-23T17:34:24.769382","level":"info","event":"... 1 more","logger":"airflow.task.hooks.airflow.providers.apache.spark.hooks.spark_submit.SparkSubmitHook"}
{"timestamp":"2025-09-23T17:34:40.840881","level":"info","event":"25/09/23 17:34:40 INFO StandaloneAppClient$ClientEndpoint: Connecting to master spark://spark-master:7077...","logger":"airflow.task.hooks.airflow.providers.apache.spark.hooks.spark_submit.SparkSubmitHook"}
{"timestamp":"2025-09-23T17:34:44.589122","level":"info","event":"25/09/23 17:34:44 WARN TransportClientFactory: DNS resolution failed for spark-master/<unresolved>:7077 took 3745 ms","logger":"airflow.task.hooks.airflow.providers.apache.spark.hooks.spark_submit.SparkSubmitHook"}
{"timestamp":"2025-09-23T17:34:44.593244","level":"info","event":"25/09/23 17:34:44 WARN StandaloneAppClient$ClientEndpoint: Failed to connect to master spark-master:7077","logger":"airflow.task.hooks.airflow.providers.apache.spark.hooks.spark_submit.SparkSubmitHook"}
{"timestamp":"2025-09-23T17:34:44.593420","level":"info","event":"org.apache.spark.SparkException: Exception thrown in awaitResult:","logger":"airflow.task.hooks.airflow.providers.apache.spark.hooks.spark_submit.SparkSubmitHook"}
{"timestamp":"2025-09-23T17:34:44.593504","level":"info","event":"at org.apache.spark.util.SparkThreadUtils$.awaitResult(SparkThreadUtils.scala:53)","logger":"airflow.task.hooks.airflow.providers.apache.spark.hooks.spark_submit.SparkSubmitHook"}
{"timestamp":"2025-09-23T17:34:44.593577","level":"info","event":"at org.apache.spark.util.ThreadUtils$.awaitResult(ThreadUtils.scala:342)","logger":"airflow.task.hooks.airflow.providers.apache.spark.hooks.spark_submit.SparkSubmitHook"}
{"timestamp":"2025-09-23T17:34:44.593657","level":"info","event":"at org.apache.spark.rpc.RpcTimeout.awaitResult(RpcTimeout.scala:75)","logger":"airflow.task.hooks.airflow.providers.apache.spark.hooks.spark_submit.SparkSubmitHook"}
{"timestamp":"2025-09-23T17:34:44.593718","level":"info","event":"at org.apache.spark.rpc.RpcEnv.setupEndpointRefByURI(RpcEnv.scala:102)","logger":"airflow.task.hooks.airflow.providers.apache.spark.hooks.spark_submit.SparkSubmitHook"}
{"timestamp":"2025-09-23T17:34:44.593777","level":"info","event":"at org.apache.spark.rpc.RpcEnv.setupEndpointRef(RpcEnv.scala:110)","logger":"airflow.task.hooks.airflow.providers.apache.spark.hooks.spark_submit.SparkSubmitHook"}
{"timestamp":"2025-09-23T17:34:44.593838","level":"info","event":"at org.apache.spark.deploy.client.StandaloneAppClient$ClientEndpoint$$anon$1.run(StandaloneAppClient.scala:110)","logger":"airflow.task.hooks.airflow.providers.apache.spark.hooks.spark_submit.SparkSubmitHook"}
{"timestamp":"2025-09-23T17:34:44.593894","level":"info","event":"at java.base/java.util.concurrent.Executors$RunnableAdapter.call(Executors.java:539)","logger":"airflow.task.hooks.airflow.providers.apache.spark.hooks.spark_submit.SparkSubmitHook"}
{"timestamp":"2025-09-23T17:34:44.593953","level":"info","event":"at java.base/java.util.concurrent.FutureTask.run(FutureTask.java:264)","logger":"airflow.task.hooks.airflow.providers.apache.spark.hooks.spark_submit.SparkSubmitHook"}
{"timestamp":"2025-09-23T17:34:44.594010","level":"info","event":"at java.base/java.util.concurrent.ThreadPoolExecutor.runWorker(ThreadPoolExecutor.java:1136)","logger":"airflow.task.hooks.airflow.providers.apache.spark.hooks.spark_submit.SparkSubmitHook"}
{"timestamp":"2025-09-23T17:34:44.594068","level":"info","event":"at java.base/java.util.concurrent.ThreadPoolExecutor$Worker.run(ThreadPoolExecutor.java:635)","logger":"airflow.task.hooks.airflow.providers.apache.spark.hooks.spark_submit.SparkSubmitHook"}
{"timestamp":"2025-09-23T17:34:44.594147","level":"info","event":"at java.base/java.lang.Thread.run(Thread.java:840)","logger":"airflow.task.hooks.airflow.providers.apache.spark.hooks.spark_submit.SparkSubmitHook"}
{"timestamp":"2025-09-23T17:34:44.594232","level":"info","event":"Caused by: java.io.IOException: Failed to connect to spark-master/<unresolved>:7077","logger":"airflow.task.hooks.airflow.providers.apache.spark.hooks.spark_submit.SparkSubmitHook"}
{"timestamp":"2025-09-23T17:34:44.594290","level":"info","event":"at org.apache.spark.network.client.TransportClientFactory.createClient(TransportClientFactory.java:305)","logger":"airflow.task.hooks.airflow.providers.apache.spark.hooks.spark_submit.SparkSubmitHook"}
{"timestamp":"2025-09-23T17:34:44.594347","level":"info","event":"at org.apache.spark.network.client.TransportClientFactory.createClient(TransportClientFactory.java:225)","logger":"airflow.task.hooks.airflow.providers.apache.spark.hooks.spark_submit.SparkSubmitHook"}
{"timestamp":"2025-09-23T17:34:44.594404","level":"info","event":"at org.apache.spark.network.client.TransportClientFactory.createClient(TransportClientFactory.java:237)","logger":"airflow.task.hooks.airflow.providers.apache.spark.hooks.spark_submit.SparkSubmitHook"}
{"timestamp":"2025-09-23T17:34:44.594460","level":"info","event":"at org.apache.spark.rpc.netty.NettyRpcEnv.createClient(NettyRpcEnv.scala:207)","logger":"airflow.task.hooks.airflow.providers.apache.spark.hooks.spark_submit.SparkSubmitHook"}
{"timestamp":"2025-09-23T17:34:44.594516","level":"info","event":"at org.apache.spark.rpc.netty.Outbox$$anon$1.call(Outbox.scala:202)","logger":"airflow.task.hooks.airflow.providers.apache.spark.hooks.spark_submit.SparkSubmitHook"}
{"timestamp":"2025-09-23T17:34:44.594572","level":"info","event":"at org.apache.spark.rpc.netty.Outbox$$anon$1.call(Outbox.scala:198)","logger":"airflow.task.hooks.airflow.providers.apache.spark.hooks.spark_submit.SparkSubmitHook"}
{"timestamp":"2025-09-23T17:34:44.594628","level":"info","event":"... 4 more","logger":"airflow.task.hooks.airflow.providers.apache.spark.hooks.spark_submit.SparkSubmitHook"}
{"timestamp":"2025-09-23T17:34:44.594700","level":"info","event":"Caused by: java.net.UnknownHostException: spark-master","logger":"airflow.task.hooks.airflow.providers.apache.spark.hooks.spark_submit.SparkSubmitHook"}
{"timestamp":"2025-09-23T17:34:44.594771","level":"info","event":"at java.base/java.net.InetAddress$CachedAddresses.get(InetAddress.java:801)","logger":"airflow.task.hooks.airflow.providers.apache.spark.hooks.spark_submit.SparkSubmitHook"}
{"timestamp":"2025-09-23T17:34:44.594828","level":"info","event":"at java.base/java.net.InetAddress.getAllByName0(InetAddress.java:1533)","logger":"airflow.task.hooks.airflow.providers.apache.spark.hooks.spark_submit.SparkSubmitHook"}
{"timestamp":"2025-09-23T17:34:44.594884","level":"info","event":"at java.base/java.net.InetAddress.getAllByName(InetAddress.java:1385)","logger":"airflow.task.hooks.airflow.providers.apache.spark.hooks.spark_submit.SparkSubmitHook"}
{"timestamp":"2025-09-23T17:34:44.594939","level":"info","event":"at java.base/java.net.InetAddress.getAllByName(InetAddress.java:1306)","logger":"airflow.task.hooks.airflow.providers.apache.spark.hooks.spark_submit.SparkSubmitHook"}
{"timestamp":"2025-09-23T17:34:44.594994","level":"info","event":"at java.base/java.net.InetAddress.getByName(InetAddress.java:1256)","logger":"airflow.task.hooks.airflow.providers.apache.spark.hooks.spark_submit.SparkSubmitHook"}
{"timestamp":"2025-09-23T17:34:44.595049","level":"info","event":"at io.netty.util.internal.SocketUtils$8.run(SocketUtils.java:156)","logger":"airflow.task.hooks.airflow.providers.apache.spark.hooks.spark_submit.SparkSubmitHook"}
{"timestamp":"2025-09-23T17:34:44.595103","level":"info","event":"at io.netty.util.internal.SocketUtils$8.run(SocketUtils.java:153)","logger":"airflow.task.hooks.airflow.providers.apache.spark.hooks.spark_submit.SparkSubmitHook"}
{"timestamp":"2025-09-23T17:34:44.595158","level":"info","event":"at java.base/java.security.AccessController.doPrivileged(AccessController.java:569)","logger":"airflow.task.hooks.airflow.providers.apache.spark.hooks.spark_submit.SparkSubmitHook"}
{"timestamp":"2025-09-23T17:34:44.595214","level":"info","event":"at io.netty.util.internal.SocketUtils.addressByName(SocketUtils.java:153)","logger":"airflow.task.hooks.airflow.providers.apache.spark.hooks.spark_submit.SparkSubmitHook"}
{"timestamp":"2025-09-23T17:34:44.595294","level":"info","event":"at io.netty.resolver.DefaultNameResolver.doResolve(DefaultNameResolver.java:41)","logger":"airflow.task.hooks.airflow.providers.apache.spark.hooks.spark_submit.SparkSubmitHook"}
{"timestamp":"2025-09-23T17:34:44.595354","level":"info","event":"at io.netty.resolver.SimpleNameResolver.resolve(SimpleNameResolver.java:61)","logger":"airflow.task.hooks.airflow.providers.apache.spark.hooks.spark_submit.SparkSubmitHook"}
{"timestamp":"2025-09-23T17:34:44.595412","level":"info","event":"at io.netty.resolver.SimpleNameResolver.resolve(SimpleNameResolver.java:53)","logger":"airflow.task.hooks.airflow.providers.apache.spark.hooks.spark_submit.SparkSubmitHook"}
{"timestamp":"2025-09-23T17:34:44.595467","level":"info","event":"at io.netty.resolver.InetSocketAddressResolver.doResolve(InetSocketAddressResolver.java:55)","logger":"airflow.task.hooks.airflow.providers.apache.spark.hooks.spark_submit.SparkSubmitHook"}
{"timestamp":"2025-09-23T17:34:44.595523","level":"info","event":"at io.netty.resolver.InetSocketAddressResolver.doResolve(InetSocketAddressResolver.java:31)","logger":"airflow.task.hooks.airflow.providers.apache.spark.hooks.spark_submit.SparkSubmitHook"}
{"timestamp":"2025-09-23T17:34:44.595577","level":"info","event":"at io.netty.resolver.AbstractAddressResolver.resolve(AbstractAddressResolver.java:106)","logger":"airflow.task.hooks.airflow.providers.apache.spark.hooks.spark_submit.SparkSubmitHook"}
{"timestamp":"2025-09-23T17:34:44.595632","level":"info","event":"at io.netty.bootstrap.Bootstrap.doResolveAndConnect0(Bootstrap.java:220)","logger":"airflow.task.hooks.airflow.providers.apache.spark.hooks.spark_submit.SparkSubmitHook"}
{"timestamp":"2025-09-23T17:34:44.595687","level":"info","event":"at io.netty.bootstrap.Bootstrap.access$000(Bootstrap.java:47)","logger":"airflow.task.hooks.airflow.providers.apache.spark.hooks.spark_submit.SparkSubmitHook"}
{"timestamp":"2025-09-23T17:34:44.595744","level":"info","event":"at io.netty.bootstrap.Bootstrap$1.operationComplete(Bootstrap.java:189)","logger":"airflow.task.hooks.airflow.providers.apache.spark.hooks.spark_submit.SparkSubmitHook"}
{"timestamp":"2025-09-23T17:34:44.595811","level":"info","event":"at io.netty.bootstrap.Bootstrap$1.operationComplete(Bootstrap.java:175)","logger":"airflow.task.hooks.airflow.providers.apache.spark.hooks.spark_submit.SparkSubmitHook"}
{"timestamp":"2025-09-23T17:34:44.595881","level":"info","event":"at io.netty.util.concurrent.DefaultPromise.notifyListener0(DefaultPromise.java:590)","logger":"airflow.task.hooks.airflow.providers.apache.spark.hooks.spark_submit.SparkSubmitHook"}
{"timestamp":"2025-09-23T17:34:44.595940","level":"info","event":"at io.netty.util.concurrent.DefaultPromise.notifyListenersNow(DefaultPromise.java:557)","logger":"airflow.task.hooks.airflow.providers.apache.spark.hooks.spark_submit.SparkSubmitHook"}
{"timestamp":"2025-09-23T17:34:44.595996","level":"info","event":"at io.netty.util.concurrent.DefaultPromise.notifyListeners(DefaultPromise.java:492)","logger":"airflow.task.hooks.airflow.providers.apache.spark.hooks.spark_submit.SparkSubmitHook"}
{"timestamp":"2025-09-23T17:34:44.596052","level":"info","event":"at io.netty.util.concurrent.DefaultPromise.setValue0(DefaultPromise.java:636)","logger":"airflow.task.hooks.airflow.providers.apache.spark.hooks.spark_submit.SparkSubmitHook"}
{"timestamp":"2025-09-23T17:34:44.596109","level":"info","event":"at io.netty.util.concurrent.DefaultPromise.setSuccess0(DefaultPromise.java:625)","logger":"airflow.task.hooks.airflow.providers.apache.spark.hooks.spark_submit.SparkSubmitHook"}
{"timestamp":"2025-09-23T17:34:44.596235","level":"info","event":"at io.netty.util.concurrent.DefaultPromise.trySuccess(DefaultPromise.java:105)","logger":"airflow.task.hooks.airflow.providers.apache.spark.hooks.spark_submit.SparkSubmitHook"}
{"timestamp":"2025-09-23T17:34:44.596304","level":"info","event":"at io.netty.channel.DefaultChannelPromise.trySuccess(DefaultChannelPromise.java:84)","logger":"airflow.task.hooks.airflow.providers.apache.spark.hooks.spark_submit.SparkSubmitHook"}
{"timestamp":"2025-09-23T17:34:44.596372","level":"info","event":"at io.netty.channel.AbstractChannel$AbstractUnsafe.safeSetSuccess(AbstractChannel.java:988)","logger":"airflow.task.hooks.airflow.providers.apache.spark.hooks.spark_submit.SparkSubmitHook"}
{"timestamp":"2025-09-23T17:34:44.596491","level":"info","event":"at io.netty.channel.AbstractChannel$AbstractUnsafe.register0(AbstractChannel.java:515)","logger":"airflow.task.hooks.airflow.providers.apache.spark.hooks.spark_submit.SparkSubmitHook"}
{"timestamp":"2025-09-23T17:34:44.596618","level":"info","event":"at io.netty.channel.AbstractChannel$AbstractUnsafe.access$200(AbstractChannel.java:428)","logger":"airflow.task.hooks.airflow.providers.apache.spark.hooks.spark_submit.SparkSubmitHook"}
{"timestamp":"2025-09-23T17:34:44.596699","level":"info","event":"at io.netty.channel.AbstractChannel$AbstractUnsafe$1.run(AbstractChannel.java:485)","logger":"airflow.task.hooks.airflow.providers.apache.spark.hooks.spark_submit.SparkSubmitHook"}
{"timestamp":"2025-09-23T17:34:44.596758","level":"info","event":"at io.netty.util.concurrent.AbstractEventExecutor.runTask(AbstractEventExecutor.java:173)","logger":"airflow.task.hooks.airflow.providers.apache.spark.hooks.spark_submit.SparkSubmitHook"}
{"timestamp":"2025-09-23T17:34:44.596829","level":"info","event":"at io.netty.util.concurrent.AbstractEventExecutor.safeExecute(AbstractEventExecutor.java:166)","logger":"airflow.task.hooks.airflow.providers.apache.spark.hooks.spark_submit.SparkSubmitHook"}
{"timestamp":"2025-09-23T17:34:44.596990","level":"info","event":"at io.netty.util.concurrent.SingleThreadEventExecutor.runAllTasks(SingleThreadEventExecutor.java:472)","logger":"airflow.task.hooks.airflow.providers.apache.spark.hooks.spark_submit.SparkSubmitHook"}
{"timestamp":"2025-09-23T17:34:44.597109","level":"info","event":"at io.netty.channel.nio.NioEventLoop.run(NioEventLoop.java:569)","logger":"airflow.task.hooks.airflow.providers.apache.spark.hooks.spark_submit.SparkSubmitHook"}
{"timestamp":"2025-09-23T17:34:44.597192","level":"info","event":"at io.netty.util.concurrent.SingleThreadEventExecutor$4.run(SingleThreadEventExecutor.java:998)","logger":"airflow.task.hooks.airflow.providers.apache.spark.hooks.spark_submit.SparkSubmitHook"}
{"timestamp":"2025-09-23T17:34:44.597268","level":"info","event":"at io.netty.util.internal.ThreadExecutorMap$2.run(ThreadExecutorMap.java:74)","logger":"airflow.task.hooks.airflow.providers.apache.spark.hooks.spark_submit.SparkSubmitHook"}
{"timestamp":"2025-09-23T17:34:44.597353","level":"info","event":"at io.netty.util.concurrent.FastThreadLocalRunnable.run(FastThreadLocalRunnable.java:30)","logger":"airflow.task.hooks.airflow.providers.apache.spark.hooks.spark_submit.SparkSubmitHook"}
{"timestamp":"2025-09-23T17:34:44.597430","level":"info","event":"... 1 more","logger":"airflow.task.hooks.airflow.providers.apache.spark.hooks.spark_submit.SparkSubmitHook"}
{"timestamp":"2025-09-23T17:35:00.842261","level":"info","event":"25/09/23 17:35:00 INFO StandaloneAppClient$ClientEndpoint: Connecting to master spark://spark-master:7077...","logger":"airflow.task.hooks.airflow.providers.apache.spark.hooks.spark_submit.SparkSubmitHook"}
{"timestamp":"2025-09-23T17:35:04.599557","level":"info","event":"25/09/23 17:35:04 WARN TransportClientFactory: DNS resolution failed for spark-master/<unresolved>:7077 took 3754 ms","logger":"airflow.task.hooks.airflow.providers.apache.spark.hooks.spark_submit.SparkSubmitHook"}
{"timestamp":"2025-09-23T17:35:04.604516","level":"info","event":"25/09/23 17:35:04 WARN StandaloneAppClient$ClientEndpoint: Failed to connect to master spark-master:7077","logger":"airflow.task.hooks.airflow.providers.apache.spark.hooks.spark_submit.SparkSubmitHook"}
{"timestamp":"2025-09-23T17:35:04.604772","level":"info","event":"org.apache.spark.SparkException: Exception thrown in awaitResult:","logger":"airflow.task.hooks.airflow.providers.apache.spark.hooks.spark_submit.SparkSubmitHook"}
{"timestamp":"2025-09-23T17:35:04.605023","level":"info","event":"at org.apache.spark.util.SparkThreadUtils$.awaitResult(SparkThreadUtils.scala:53)","logger":"airflow.task.hooks.airflow.providers.apache.spark.hooks.spark_submit.SparkSubmitHook"}
{"timestamp":"2025-09-23T17:35:04.605181","level":"info","event":"at org.apache.spark.util.ThreadUtils$.awaitResult(ThreadUtils.scala:342)","logger":"airflow.task.hooks.airflow.providers.apache.spark.hooks.spark_submit.SparkSubmitHook"}
{"timestamp":"2025-09-23T17:35:04.605267","level":"info","event":"at org.apache.spark.rpc.RpcTimeout.awaitResult(RpcTimeout.scala:75)","logger":"airflow.task.hooks.airflow.providers.apache.spark.hooks.spark_submit.SparkSubmitHook"}
{"timestamp":"2025-09-23T17:35:04.605338","level":"info","event":"at org.apache.spark.rpc.RpcEnv.setupEndpointRefByURI(RpcEnv.scala:102)","logger":"airflow.task.hooks.airflow.providers.apache.spark.hooks.spark_submit.SparkSubmitHook"}
{"timestamp":"2025-09-23T17:35:04.605557","level":"info","event":"at org.apache.spark.rpc.RpcEnv.setupEndpointRef(RpcEnv.scala:110)","logger":"airflow.task.hooks.airflow.providers.apache.spark.hooks.spark_submit.SparkSubmitHook"}
{"timestamp":"2025-09-23T17:35:04.605702","level":"info","event":"at org.apache.spark.deploy.client.StandaloneAppClient$ClientEndpoint$$anon$1.run(StandaloneAppClient.scala:110)","logger":"airflow.task.hooks.airflow.providers.apache.spark.hooks.spark_submit.SparkSubmitHook"}
{"timestamp":"2025-09-23T17:35:04.605813","level":"info","event":"at java.base/java.util.concurrent.Executors$RunnableAdapter.call(Executors.java:539)","logger":"airflow.task.hooks.airflow.providers.apache.spark.hooks.spark_submit.SparkSubmitHook"}
{"timestamp":"2025-09-23T17:35:04.606004","level":"info","event":"at java.base/java.util.concurrent.FutureTask.run(FutureTask.java:264)","logger":"airflow.task.hooks.airflow.providers.apache.spark.hooks.spark_submit.SparkSubmitHook"}
{"timestamp":"2025-09-23T17:35:04.606101","level":"info","event":"at java.base/java.util.concurrent.ThreadPoolExecutor.runWorker(ThreadPoolExecutor.java:1136)","logger":"airflow.task.hooks.airflow.providers.apache.spark.hooks.spark_submit.SparkSubmitHook"}
{"timestamp":"2025-09-23T17:35:04.606172","level":"info","event":"at java.base/java.util.concurrent.ThreadPoolExecutor$Worker.run(ThreadPoolExecutor.java:635)","logger":"airflow.task.hooks.airflow.providers.apache.spark.hooks.spark_submit.SparkSubmitHook"}
{"timestamp":"2025-09-23T17:35:04.606247","level":"info","event":"at java.base/java.lang.Thread.run(Thread.java:840)","logger":"airflow.task.hooks.airflow.providers.apache.spark.hooks.spark_submit.SparkSubmitHook"}
{"timestamp":"2025-09-23T17:35:04.606346","level":"info","event":"Caused by: java.io.IOException: Failed to connect to spark-master/<unresolved>:7077","logger":"airflow.task.hooks.airflow.providers.apache.spark.hooks.spark_submit.SparkSubmitHook"}
{"timestamp":"2025-09-23T17:35:04.606448","level":"info","event":"at org.apache.spark.network.client.TransportClientFactory.createClient(TransportClientFactory.java:305)","logger":"airflow.task.hooks.airflow.providers.apache.spark.hooks.spark_submit.SparkSubmitHook"}
{"timestamp":"2025-09-23T17:35:04.606644","level":"info","event":"at org.apache.spark.network.client.TransportClientFactory.createClient(TransportClientFactory.java:225)","logger":"airflow.task.hooks.airflow.providers.apache.spark.hooks.spark_submit.SparkSubmitHook"}
{"timestamp":"2025-09-23T17:35:04.606736","level":"info","event":"at org.apache.spark.network.client.TransportClientFactory.createClient(TransportClientFactory.java:237)","logger":"airflow.task.hooks.airflow.providers.apache.spark.hooks.spark_submit.SparkSubmitHook"}
{"timestamp":"2025-09-23T17:35:04.606839","level":"info","event":"at org.apache.spark.rpc.netty.NettyRpcEnv.createClient(NettyRpcEnv.scala:207)","logger":"airflow.task.hooks.airflow.providers.apache.spark.hooks.spark_submit.SparkSubmitHook"}
{"timestamp":"2025-09-23T17:35:04.606895","level":"info","event":"at org.apache.spark.rpc.netty.Outbox$$anon$1.call(Outbox.scala:202)","logger":"airflow.task.hooks.airflow.providers.apache.spark.hooks.spark_submit.SparkSubmitHook"}
{"timestamp":"2025-09-23T17:35:04.606948","level":"info","event":"at org.apache.spark.rpc.netty.Outbox$$anon$1.call(Outbox.scala:198)","logger":"airflow.task.hooks.airflow.providers.apache.spark.hooks.spark_submit.SparkSubmitHook"}
{"timestamp":"2025-09-23T17:35:04.607140","level":"info","event":"... 4 more","logger":"airflow.task.hooks.airflow.providers.apache.spark.hooks.spark_submit.SparkSubmitHook"}
{"timestamp":"2025-09-23T17:35:04.607290","level":"info","event":"Caused by: java.net.UnknownHostException: spark-master","logger":"airflow.task.hooks.airflow.providers.apache.spark.hooks.spark_submit.SparkSubmitHook"}
{"timestamp":"2025-09-23T17:35:04.607416","level":"info","event":"at java.base/java.net.InetAddress$CachedAddresses.get(InetAddress.java:801)","logger":"airflow.task.hooks.airflow.providers.apache.spark.hooks.spark_submit.SparkSubmitHook"}
{"timestamp":"2025-09-23T17:35:04.607797","level":"info","event":"at java.base/java.net.InetAddress.getAllByName0(InetAddress.java:1533)","logger":"airflow.task.hooks.airflow.providers.apache.spark.hooks.spark_submit.SparkSubmitHook"}
{"timestamp":"2025-09-23T17:35:04.607973","level":"info","event":"at java.base/java.net.InetAddress.getAllByName(InetAddress.java:1385)","logger":"airflow.task.hooks.airflow.providers.apache.spark.hooks.spark_submit.SparkSubmitHook"}
{"timestamp":"2025-09-23T17:35:04.608107","level":"info","event":"at java.base/java.net.InetAddress.getAllByName(InetAddress.java:1306)","logger":"airflow.task.hooks.airflow.providers.apache.spark.hooks.spark_submit.SparkSubmitHook"}
{"timestamp":"2025-09-23T17:35:04.608220","level":"info","event":"at java.base/java.net.InetAddress.getByName(InetAddress.java:1256)","logger":"airflow.task.hooks.airflow.providers.apache.spark.hooks.spark_submit.SparkSubmitHook"}
{"timestamp":"2025-09-23T17:35:04.608827","level":"info","event":"at io.netty.util.internal.SocketUtils$8.run(SocketUtils.java:156)","logger":"airflow.task.hooks.airflow.providers.apache.spark.hooks.spark_submit.SparkSubmitHook"}
{"timestamp":"2025-09-23T17:35:04.609318","level":"info","event":"at io.netty.util.internal.SocketUtils$8.run(SocketUtils.java:153)","logger":"airflow.task.hooks.airflow.providers.apache.spark.hooks.spark_submit.SparkSubmitHook"}
{"timestamp":"2025-09-23T17:35:04.609596","level":"info","event":"at java.base/java.security.AccessController.doPrivileged(AccessController.java:569)","logger":"airflow.task.hooks.airflow.providers.apache.spark.hooks.spark_submit.SparkSubmitHook"}
{"timestamp":"2025-09-23T17:35:04.609793","level":"info","event":"at io.netty.util.internal.SocketUtils.addressByName(SocketUtils.java:153)","logger":"airflow.task.hooks.airflow.providers.apache.spark.hooks.spark_submit.SparkSubmitHook"}
{"timestamp":"2025-09-23T17:35:04.609933","level":"info","event":"at io.netty.resolver.DefaultNameResolver.doResolve(DefaultNameResolver.java:41)","logger":"airflow.task.hooks.airflow.providers.apache.spark.hooks.spark_submit.SparkSubmitHook"}
{"timestamp":"2025-09-23T17:35:04.610180","level":"info","event":"at io.netty.resolver.SimpleNameResolver.resolve(SimpleNameResolver.java:61)","logger":"airflow.task.hooks.airflow.providers.apache.spark.hooks.spark_submit.SparkSubmitHook"}
{"timestamp":"2025-09-23T17:35:04.610379","level":"info","event":"at io.netty.resolver.SimpleNameResolver.resolve(SimpleNameResolver.java:53)","logger":"airflow.task.hooks.airflow.providers.apache.spark.hooks.spark_submit.SparkSubmitHook"}
{"timestamp":"2025-09-23T17:35:04.610539","level":"info","event":"at io.netty.resolver.InetSocketAddressResolver.doResolve(InetSocketAddressResolver.java:55)","logger":"airflow.task.hooks.airflow.providers.apache.spark.hooks.spark_submit.SparkSubmitHook"}
{"timestamp":"2025-09-23T17:35:04.610772","level":"info","event":"at io.netty.resolver.InetSocketAddressResolver.doResolve(InetSocketAddressResolver.java:31)","logger":"airflow.task.hooks.airflow.providers.apache.spark.hooks.spark_submit.SparkSubmitHook"}
{"timestamp":"2025-09-23T17:35:04.610898","level":"info","event":"at io.netty.resolver.AbstractAddressResolver.resolve(AbstractAddressResolver.java:106)","logger":"airflow.task.hooks.airflow.providers.apache.spark.hooks.spark_submit.SparkSubmitHook"}
{"timestamp":"2025-09-23T17:35:04.611041","level":"info","event":"at io.netty.bootstrap.Bootstrap.doResolveAndConnect0(Bootstrap.java:220)","logger":"airflow.task.hooks.airflow.providers.apache.spark.hooks.spark_submit.SparkSubmitHook"}
{"timestamp":"2025-09-23T17:35:04.611150","level":"info","event":"at io.netty.bootstrap.Bootstrap.access$000(Bootstrap.java:47)","logger":"airflow.task.hooks.airflow.providers.apache.spark.hooks.spark_submit.SparkSubmitHook"}
{"timestamp":"2025-09-23T17:35:04.611329","level":"info","event":"at io.netty.bootstrap.Bootstrap$1.operationComplete(Bootstrap.java:189)","logger":"airflow.task.hooks.airflow.providers.apache.spark.hooks.spark_submit.SparkSubmitHook"}
{"timestamp":"2025-09-23T17:35:04.611394","level":"info","event":"at io.netty.bootstrap.Bootstrap$1.operationComplete(Bootstrap.java:175)","logger":"airflow.task.hooks.airflow.providers.apache.spark.hooks.spark_submit.SparkSubmitHook"}
{"timestamp":"2025-09-23T17:35:04.611523","level":"info","event":"at io.netty.util.concurrent.DefaultPromise.notifyListener0(DefaultPromise.java:590)","logger":"airflow.task.hooks.airflow.providers.apache.spark.hooks.spark_submit.SparkSubmitHook"}
{"timestamp":"2025-09-23T17:35:04.611604","level":"info","event":"at io.netty.util.concurrent.DefaultPromise.notifyListenersNow(DefaultPromise.java:557)","logger":"airflow.task.hooks.airflow.providers.apache.spark.hooks.spark_submit.SparkSubmitHook"}
{"timestamp":"2025-09-23T17:35:04.611694","level":"info","event":"at io.netty.util.concurrent.DefaultPromise.notifyListeners(DefaultPromise.java:492)","logger":"airflow.task.hooks.airflow.providers.apache.spark.hooks.spark_submit.SparkSubmitHook"}
{"timestamp":"2025-09-23T17:35:04.611867","level":"info","event":"at io.netty.util.concurrent.DefaultPromise.setValue0(DefaultPromise.java:636)","logger":"airflow.task.hooks.airflow.providers.apache.spark.hooks.spark_submit.SparkSubmitHook"}
{"timestamp":"2025-09-23T17:35:04.612010","level":"info","event":"at io.netty.util.concurrent.DefaultPromise.setSuccess0(DefaultPromise.java:625)","logger":"airflow.task.hooks.airflow.providers.apache.spark.hooks.spark_submit.SparkSubmitHook"}
{"timestamp":"2025-09-23T17:35:04.612180","level":"info","event":"at io.netty.util.concurrent.DefaultPromise.trySuccess(DefaultPromise.java:105)","logger":"airflow.task.hooks.airflow.providers.apache.spark.hooks.spark_submit.SparkSubmitHook"}
{"timestamp":"2025-09-23T17:35:04.612279","level":"info","event":"at io.netty.channel.DefaultChannelPromise.trySuccess(DefaultChannelPromise.java:84)","logger":"airflow.task.hooks.airflow.providers.apache.spark.hooks.spark_submit.SparkSubmitHook"}
{"timestamp":"2025-09-23T17:35:04.612471","level":"info","event":"at io.netty.channel.AbstractChannel$AbstractUnsafe.safeSetSuccess(AbstractChannel.java:988)","logger":"airflow.task.hooks.airflow.providers.apache.spark.hooks.spark_submit.SparkSubmitHook"}
{"timestamp":"2025-09-23T17:35:04.612579","level":"info","event":"at io.netty.channel.AbstractChannel$AbstractUnsafe.register0(AbstractChannel.java:515)","logger":"airflow.task.hooks.airflow.providers.apache.spark.hooks.spark_submit.SparkSubmitHook"}
{"timestamp":"2025-09-23T17:35:04.612686","level":"info","event":"at io.netty.channel.AbstractChannel$AbstractUnsafe.access$200(AbstractChannel.java:428)","logger":"airflow.task.hooks.airflow.providers.apache.spark.hooks.spark_submit.SparkSubmitHook"}
{"timestamp":"2025-09-23T17:35:04.612796","level":"info","event":"at io.netty.channel.AbstractChannel$AbstractUnsafe$1.run(AbstractChannel.java:485)","logger":"airflow.task.hooks.airflow.providers.apache.spark.hooks.spark_submit.SparkSubmitHook"}
{"timestamp":"2025-09-23T17:35:04.612858","level":"info","event":"at io.netty.util.concurrent.AbstractEventExecutor.runTask(AbstractEventExecutor.java:173)","logger":"airflow.task.hooks.airflow.providers.apache.spark.hooks.spark_submit.SparkSubmitHook"}
{"timestamp":"2025-09-23T17:35:04.613026","level":"info","event":"at io.netty.util.concurrent.AbstractEventExecutor.safeExecute(AbstractEventExecutor.java:166)","logger":"airflow.task.hooks.airflow.providers.apache.spark.hooks.spark_submit.SparkSubmitHook"}
{"timestamp":"2025-09-23T17:35:04.613122","level":"info","event":"at io.netty.util.concurrent.SingleThreadEventExecutor.runAllTasks(SingleThreadEventExecutor.java:472)","logger":"airflow.task.hooks.airflow.providers.apache.spark.hooks.spark_submit.SparkSubmitHook"}
{"timestamp":"2025-09-23T17:35:04.613191","level":"info","event":"at io.netty.channel.nio.NioEventLoop.run(NioEventLoop.java:569)","logger":"airflow.task.hooks.airflow.providers.apache.spark.hooks.spark_submit.SparkSubmitHook"}
{"timestamp":"2025-09-23T17:35:04.613352","level":"info","event":"at io.netty.util.concurrent.SingleThreadEventExecutor$4.run(SingleThreadEventExecutor.java:998)","logger":"airflow.task.hooks.airflow.providers.apache.spark.hooks.spark_submit.SparkSubmitHook"}
{"timestamp":"2025-09-23T17:35:04.613499","level":"info","event":"at io.netty.util.internal.ThreadExecutorMap$2.run(ThreadExecutorMap.java:74)","logger":"airflow.task.hooks.airflow.providers.apache.spark.hooks.spark_submit.SparkSubmitHook"}
{"timestamp":"2025-09-23T17:35:04.613641","level":"info","event":"at io.netty.util.concurrent.FastThreadLocalRunnable.run(FastThreadLocalRunnable.java:30)","logger":"airflow.task.hooks.airflow.providers.apache.spark.hooks.spark_submit.SparkSubmitHook"}
{"timestamp":"2025-09-23T17:35:04.613700","level":"info","event":"... 1 more","logger":"airflow.task.hooks.airflow.providers.apache.spark.hooks.spark_submit.SparkSubmitHook"}
{"timestamp":"2025-09-23T17:35:20.841405","level":"info","event":"25/09/23 17:35:20 WARN StandaloneSchedulerBackend: Application ID is not initialized yet.","logger":"airflow.task.hooks.airflow.providers.apache.spark.hooks.spark_submit.SparkSubmitHook"}
{"timestamp":"2025-09-23T17:35:20.843268","level":"info","event":"25/09/23 17:35:20 ERROR StandaloneSchedulerBackend: Application has been killed. Reason: All masters are unresponsive! Giving up.","logger":"airflow.task.hooks.airflow.providers.apache.spark.hooks.spark_submit.SparkSubmitHook"}
{"timestamp":"2025-09-23T17:35:20.853742","level":"info","event":"25/09/23 17:35:20 INFO Utils: Successfully started service 'org.apache.spark.network.netty.NettyBlockTransferService' on port 39327.","logger":"airflow.task.hooks.airflow.providers.apache.spark.hooks.spark_submit.SparkSubmitHook"}
{"timestamp":"2025-09-23T17:35:20.854433","level":"info","event":"25/09/23 17:35:20 INFO NettyBlockTransferService: Server created on 619c5b104b4c:39327","logger":"airflow.task.hooks.airflow.providers.apache.spark.hooks.spark_submit.SparkSubmitHook"}
{"timestamp":"2025-09-23T17:35:20.858372","level":"info","event":"25/09/23 17:35:20 INFO BlockManager: Using org.apache.spark.storage.RandomBlockReplicationPolicy for block replication policy","logger":"airflow.task.hooks.airflow.providers.apache.spark.hooks.spark_submit.SparkSubmitHook"}
{"timestamp":"2025-09-23T17:35:20.877347","level":"info","event":"25/09/23 17:35:20 INFO BlockManagerMaster: Registering BlockManager BlockManagerId(driver, 619c5b104b4c, 39327, None)","logger":"airflow.task.hooks.airflow.providers.apache.spark.hooks.spark_submit.SparkSubmitHook"}
{"timestamp":"2025-09-23T17:35:20.885612","level":"info","event":"25/09/23 17:35:20 INFO BlockManagerMasterEndpoint: Registering block manager 619c5b104b4c:39327 with 127.2 MiB RAM, BlockManagerId(driver, 619c5b104b4c, 39327, None)","logger":"airflow.task.hooks.airflow.providers.apache.spark.hooks.spark_submit.SparkSubmitHook"}
{"timestamp":"2025-09-23T17:35:20.889891","level":"info","event":"25/09/23 17:35:20 INFO BlockManagerMaster: Registered BlockManager BlockManagerId(driver, 619c5b104b4c, 39327, None)","logger":"airflow.task.hooks.airflow.providers.apache.spark.hooks.spark_submit.SparkSubmitHook"}
{"timestamp":"2025-09-23T17:35:20.892180","level":"info","event":"25/09/23 17:35:20 INFO BlockManager: Initialized BlockManager: BlockManagerId(driver, 619c5b104b4c, 39327, None)","logger":"airflow.task.hooks.airflow.providers.apache.spark.hooks.spark_submit.SparkSubmitHook"}
{"timestamp":"2025-09-23T17:35:21.184161","level":"info","event":"25/09/23 17:35:21 INFO StandaloneSchedulerBackend: SchedulerBackend is ready for scheduling beginning after reached minRegisteredResourcesRatio: 0.0","logger":"airflow.task.hooks.airflow.providers.apache.spark.hooks.spark_submit.SparkSubmitHook"}
{"timestamp":"2025-09-23T17:35:21.656082","level":"info","event":"25/09/23 17:35:21 INFO SparkContext: SparkContext is stopping with exitCode 0 from run at <unknown>:0.","logger":"airflow.task.hooks.airflow.providers.apache.spark.hooks.spark_submit.SparkSubmitHook"}
{"timestamp":"2025-09-23T17:35:21.728841","level":"info","event":"25/09/23 17:35:21 INFO SparkUI: Stopped Spark web UI at http://619c5b104b4c:4040","logger":"airflow.task.hooks.airflow.providers.apache.spark.hooks.spark_submit.SparkSubmitHook"}
{"timestamp":"2025-09-23T17:35:21.746944","level":"info","event":"25/09/23 17:35:21 INFO StandaloneSchedulerBackend: Shutting down all executors","logger":"airflow.task.hooks.airflow.providers.apache.spark.hooks.spark_submit.SparkSubmitHook"}
{"timestamp":"2025-09-23T17:35:21.762328","level":"info","event":"25/09/23 17:35:21 INFO StandaloneSchedulerBackend$StandaloneDriverEndpoint: Asking each executor to shut down","logger":"airflow.task.hooks.airflow.providers.apache.spark.hooks.spark_submit.SparkSubmitHook"}
{"timestamp":"2025-09-23T17:35:21.785751","level":"info","event":"25/09/23 17:35:21 WARN StandaloneAppClient$ClientEndpoint: Drop UnregisterApplication(null) because has not yet connected to master","logger":"airflow.task.hooks.airflow.providers.apache.spark.hooks.spark_submit.SparkSubmitHook"}
{"timestamp":"2025-09-23T17:35:21.821586","level":"info","event":"25/09/23 17:35:21 INFO MapOutputTrackerMasterEndpoint: MapOutputTrackerMasterEndpoint stopped!","logger":"airflow.task.hooks.airflow.providers.apache.spark.hooks.spark_submit.SparkSubmitHook"}
{"timestamp":"2025-09-23T17:35:21.867310","level":"info","event":"25/09/23 17:35:21 INFO MemoryStore: MemoryStore started with capacity 127.2 MiB","logger":"airflow.task.hooks.airflow.providers.apache.spark.hooks.spark_submit.SparkSubmitHook"}
{"timestamp":"2025-09-23T17:35:21.869532","level":"info","event":"25/09/23 17:35:21 INFO MemoryStore: MemoryStore cleared","logger":"airflow.task.hooks.airflow.providers.apache.spark.hooks.spark_submit.SparkSubmitHook"}
{"timestamp":"2025-09-23T17:35:21.871036","level":"info","event":"25/09/23 17:35:21 INFO BlockManager: BlockManager stopped","logger":"airflow.task.hooks.airflow.providers.apache.spark.hooks.spark_submit.SparkSubmitHook"}
{"timestamp":"2025-09-23T17:35:21.893760","level":"info","event":"25/09/23 17:35:21 INFO BlockManagerMaster: BlockManagerMaster stopped","logger":"airflow.task.hooks.airflow.providers.apache.spark.hooks.spark_submit.SparkSubmitHook"}
{"timestamp":"2025-09-23T17:35:21.904508","level":"info","event":"25/09/23 17:35:21 INFO OutputCommitCoordinator$OutputCommitCoordinatorEndpoint: OutputCommitCoordinator stopped!","logger":"airflow.task.hooks.airflow.providers.apache.spark.hooks.spark_submit.SparkSubmitHook"}
{"timestamp":"2025-09-23T17:35:21.930493","level":"info","event":"25/09/23 17:35:21 INFO SparkContext: Successfully stopped SparkContext","logger":"airflow.task.hooks.airflow.providers.apache.spark.hooks.spark_submit.SparkSubmitHook"}
{"timestamp":"2025-09-23T17:35:25.601310","level":"info","event":"Traceback (most recent call last):","logger":"airflow.task.hooks.airflow.providers.apache.spark.hooks.spark_submit.SparkSubmitHook"}
{"timestamp":"2025-09-23T17:35:25.601645","level":"info","event":"File \"/opt/airflow/pyspark_instancia_pruebas/pyspark_instancia_pruebas/Ejercicio_2.py\", line 5, in <module>","logger":"airflow.task.hooks.airflow.providers.apache.spark.hooks.spark_submit.SparkSubmitHook"}
{"timestamp":"2025-09-23T17:35:25.614306","level":"info","event":"spark = SparkSession.builder.appName(\"SkewCartesianExample\").getOrCreate()","logger":"airflow.task.hooks.airflow.providers.apache.spark.hooks.spark_submit.SparkSubmitHook"}
{"timestamp":"2025-09-23T17:35:25.614743","level":"info","event":"^^^^^^^^^^^^^^^^^^^^^^^^^^^^^^^^^^^^^^^^^^^^^^^^^^^^^^^^^^^^^^^^^^","logger":"airflow.task.hooks.airflow.providers.apache.spark.hooks.spark_submit.SparkSubmitHook"}
{"timestamp":"2025-09-23T17:35:25.615057","level":"info","event":"File \"/home/airflow/.local/lib/python3.12/site-packages/pyspark/python/lib/pyspark.zip/pyspark/sql/session.py\", line 559, in getOrCreate","logger":"airflow.task.hooks.airflow.providers.apache.spark.hooks.spark_submit.SparkSubmitHook"}
{"timestamp":"2025-09-23T17:35:25.616916","level":"info","event":"File \"/home/airflow/.local/lib/python3.12/site-packages/pyspark/python/lib/pyspark.zip/pyspark/sql/session.py\", line 641, in __init__","logger":"airflow.task.hooks.airflow.providers.apache.spark.hooks.spark_submit.SparkSubmitHook"}
{"timestamp":"2025-09-23T17:35:25.618706","level":"info","event":"File \"/home/airflow/.local/lib/python3.12/site-packages/pyspark/python/lib/py4j-0.10.9.9-src.zip/py4j/java_gateway.py\", line 1627, in __call__","logger":"airflow.task.hooks.airflow.providers.apache.spark.hooks.spark_submit.SparkSubmitHook"}
{"timestamp":"2025-09-23T17:35:25.620506","level":"info","event":"File \"/home/airflow/.local/lib/python3.12/site-packages/pyspark/python/lib/py4j-0.10.9.9-src.zip/py4j/protocol.py\", line 327, in get_return_value","logger":"airflow.task.hooks.airflow.providers.apache.spark.hooks.spark_submit.SparkSubmitHook"}
{"timestamp":"2025-09-23T17:35:25.625088","level":"info","event":"py4j.protocol.Py4JJavaError: An error occurred while calling None.org.apache.spark.sql.classic.SparkSession.","logger":"airflow.task.hooks.airflow.providers.apache.spark.hooks.spark_submit.SparkSubmitHook"}
{"timestamp":"2025-09-23T17:35:25.625505","level":"info","event":": java.lang.IllegalStateException: Cannot call methods on a stopped SparkContext.","logger":"airflow.task.hooks.airflow.providers.apache.spark.hooks.spark_submit.SparkSubmitHook"}
{"timestamp":"2025-09-23T17:35:25.625737","level":"info","event":"This stopped SparkContext was created at:","logger":"airflow.task.hooks.airflow.providers.apache.spark.hooks.spark_submit.SparkSubmitHook"}
{"timestamp":"2025-09-23T17:35:25.626279","level":"info","event":"","logger":"airflow.task.hooks.airflow.providers.apache.spark.hooks.spark_submit.SparkSubmitHook"}
{"timestamp":"2025-09-23T17:35:25.626556","level":"info","event":"org.apache.spark.api.java.JavaSparkContext.<init>(JavaSparkContext.scala:59)","logger":"airflow.task.hooks.airflow.providers.apache.spark.hooks.spark_submit.SparkSubmitHook"}
{"timestamp":"2025-09-23T17:35:25.626761","level":"info","event":"java.base/jdk.internal.reflect.NativeConstructorAccessorImpl.newInstance0(Native Method)","logger":"airflow.task.hooks.airflow.providers.apache.spark.hooks.spark_submit.SparkSubmitHook"}
{"timestamp":"2025-09-23T17:35:25.627145","level":"info","event":"java.base/jdk.internal.reflect.NativeConstructorAccessorImpl.newInstance(NativeConstructorAccessorImpl.java:77)","logger":"airflow.task.hooks.airflow.providers.apache.spark.hooks.spark_submit.SparkSubmitHook"}
{"timestamp":"2025-09-23T17:35:25.627567","level":"info","event":"java.base/jdk.internal.reflect.DelegatingConstructorAccessorImpl.newInstance(DelegatingConstructorAccessorImpl.java:45)","logger":"airflow.task.hooks.airflow.providers.apache.spark.hooks.spark_submit.SparkSubmitHook"}
{"timestamp":"2025-09-23T17:35:25.627932","level":"info","event":"java.base/java.lang.reflect.Constructor.newInstanceWithCaller(Constructor.java:500)","logger":"airflow.task.hooks.airflow.providers.apache.spark.hooks.spark_submit.SparkSubmitHook"}
{"timestamp":"2025-09-23T17:35:25.628460","level":"info","event":"java.base/java.lang.reflect.Constructor.newInstance(Constructor.java:481)","logger":"airflow.task.hooks.airflow.providers.apache.spark.hooks.spark_submit.SparkSubmitHook"}
{"timestamp":"2025-09-23T17:35:25.628743","level":"info","event":"py4j.reflection.MethodInvoker.invoke(MethodInvoker.java:247)","logger":"airflow.task.hooks.airflow.providers.apache.spark.hooks.spark_submit.SparkSubmitHook"}
{"timestamp":"2025-09-23T17:35:25.628955","level":"info","event":"py4j.reflection.ReflectionEngine.invoke(ReflectionEngine.java:374)","logger":"airflow.task.hooks.airflow.providers.apache.spark.hooks.spark_submit.SparkSubmitHook"}
{"timestamp":"2025-09-23T17:35:25.629293","level":"info","event":"py4j.Gateway.invoke(Gateway.java:238)","logger":"airflow.task.hooks.airflow.providers.apache.spark.hooks.spark_submit.SparkSubmitHook"}
{"timestamp":"2025-09-23T17:35:25.629506","level":"info","event":"py4j.commands.ConstructorCommand.invokeConstructor(ConstructorCommand.java:80)","logger":"airflow.task.hooks.airflow.providers.apache.spark.hooks.spark_submit.SparkSubmitHook"}
{"timestamp":"2025-09-23T17:35:25.629673","level":"info","event":"py4j.commands.ConstructorCommand.execute(ConstructorCommand.java:69)","logger":"airflow.task.hooks.airflow.providers.apache.spark.hooks.spark_submit.SparkSubmitHook"}
{"timestamp":"2025-09-23T17:35:25.629830","level":"info","event":"py4j.ClientServerConnection.waitForCommands(ClientServerConnection.java:184)","logger":"airflow.task.hooks.airflow.providers.apache.spark.hooks.spark_submit.SparkSubmitHook"}
{"timestamp":"2025-09-23T17:35:25.630397","level":"info","event":"py4j.ClientServerConnection.run(ClientServerConnection.java:108)","logger":"airflow.task.hooks.airflow.providers.apache.spark.hooks.spark_submit.SparkSubmitHook"}
{"timestamp":"2025-09-23T17:35:25.630672","level":"info","event":"java.base/java.lang.Thread.run(Thread.java:840)","logger":"airflow.task.hooks.airflow.providers.apache.spark.hooks.spark_submit.SparkSubmitHook"}
{"timestamp":"2025-09-23T17:35:25.630867","level":"info","event":"","logger":"airflow.task.hooks.airflow.providers.apache.spark.hooks.spark_submit.SparkSubmitHook"}
{"timestamp":"2025-09-23T17:35:25.631128","level":"info","event":"And it was stopped at:","logger":"airflow.task.hooks.airflow.providers.apache.spark.hooks.spark_submit.SparkSubmitHook"}
{"timestamp":"2025-09-23T17:35:25.631336","level":"info","event":"","logger":"airflow.task.hooks.airflow.providers.apache.spark.hooks.spark_submit.SparkSubmitHook"}
{"timestamp":"2025-09-23T17:35:25.631442","level":"info","event":"org.apache.spark.SparkContext$$anon$3.run(SparkContext.scala:2284)","logger":"airflow.task.hooks.airflow.providers.apache.spark.hooks.spark_submit.SparkSubmitHook"}
{"timestamp":"2025-09-23T17:35:25.631586","level":"info","event":"","logger":"airflow.task.hooks.airflow.providers.apache.spark.hooks.spark_submit.SparkSubmitHook"}
{"timestamp":"2025-09-23T17:35:25.631678","level":"info","event":"The currently active SparkContext was created at:","logger":"airflow.task.hooks.airflow.providers.apache.spark.hooks.spark_submit.SparkSubmitHook"}
{"timestamp":"2025-09-23T17:35:25.631762","level":"info","event":"","logger":"airflow.task.hooks.airflow.providers.apache.spark.hooks.spark_submit.SparkSubmitHook"}
{"timestamp":"2025-09-23T17:35:25.631846","level":"info","event":"(No active SparkContext.)","logger":"airflow.task.hooks.airflow.providers.apache.spark.hooks.spark_submit.SparkSubmitHook"}
{"timestamp":"2025-09-23T17:35:25.631930","level":"info","event":"","logger":"airflow.task.hooks.airflow.providers.apache.spark.hooks.spark_submit.SparkSubmitHook"}
{"timestamp":"2025-09-23T17:35:25.632053","level":"info","event":"at org.apache.spark.SparkContext.assertNotStopped(SparkContext.scala:128)","logger":"airflow.task.hooks.airflow.providers.apache.spark.hooks.spark_submit.SparkSubmitHook"}
{"timestamp":"2025-09-23T17:35:25.632231","level":"info","event":"at org.apache.spark.sql.classic.SparkSession.<init>(SparkSession.scala:124)","logger":"airflow.task.hooks.airflow.providers.apache.spark.hooks.spark_submit.SparkSubmitHook"}
{"timestamp":"2025-09-23T17:35:25.632412","level":"info","event":"at org.apache.spark.sql.classic.SparkSession.<init>(SparkSession.scala:117)","logger":"airflow.task.hooks.airflow.providers.apache.spark.hooks.spark_submit.SparkSubmitHook"}
{"timestamp":"2025-09-23T17:35:25.632564","level":"info","event":"at java.base/jdk.internal.reflect.NativeConstructorAccessorImpl.newInstance0(Native Method)","logger":"airflow.task.hooks.airflow.providers.apache.spark.hooks.spark_submit.SparkSubmitHook"}
{"timestamp":"2025-09-23T17:35:25.632721","level":"info","event":"at java.base/jdk.internal.reflect.NativeConstructorAccessorImpl.newInstance(NativeConstructorAccessorImpl.java:77)","logger":"airflow.task.hooks.airflow.providers.apache.spark.hooks.spark_submit.SparkSubmitHook"}
{"timestamp":"2025-09-23T17:35:25.632835","level":"info","event":"at java.base/jdk.internal.reflect.DelegatingConstructorAccessorImpl.newInstance(DelegatingConstructorAccessorImpl.java:45)","logger":"airflow.task.hooks.airflow.providers.apache.spark.hooks.spark_submit.SparkSubmitHook"}
{"timestamp":"2025-09-23T17:35:25.632918","level":"info","event":"at java.base/java.lang.reflect.Constructor.newInstanceWithCaller(Constructor.java:500)","logger":"airflow.task.hooks.airflow.providers.apache.spark.hooks.spark_submit.SparkSubmitHook"}
{"timestamp":"2025-09-23T17:35:25.633001","level":"info","event":"at java.base/java.lang.reflect.Constructor.newInstance(Constructor.java:481)","logger":"airflow.task.hooks.airflow.providers.apache.spark.hooks.spark_submit.SparkSubmitHook"}
{"timestamp":"2025-09-23T17:35:25.633130","level":"info","event":"at py4j.reflection.MethodInvoker.invoke(MethodInvoker.java:247)","logger":"airflow.task.hooks.airflow.providers.apache.spark.hooks.spark_submit.SparkSubmitHook"}
{"timestamp":"2025-09-23T17:35:25.633221","level":"info","event":"at py4j.reflection.ReflectionEngine.invoke(ReflectionEngine.java:374)","logger":"airflow.task.hooks.airflow.providers.apache.spark.hooks.spark_submit.SparkSubmitHook"}
{"timestamp":"2025-09-23T17:35:25.633300","level":"info","event":"at py4j.Gateway.invoke(Gateway.java:238)","logger":"airflow.task.hooks.airflow.providers.apache.spark.hooks.spark_submit.SparkSubmitHook"}
{"timestamp":"2025-09-23T17:35:25.633438","level":"info","event":"at py4j.commands.ConstructorCommand.invokeConstructor(ConstructorCommand.java:80)","logger":"airflow.task.hooks.airflow.providers.apache.spark.hooks.spark_submit.SparkSubmitHook"}
{"timestamp":"2025-09-23T17:35:25.633531","level":"info","event":"at py4j.commands.ConstructorCommand.execute(ConstructorCommand.java:69)","logger":"airflow.task.hooks.airflow.providers.apache.spark.hooks.spark_submit.SparkSubmitHook"}
{"timestamp":"2025-09-23T17:35:25.633609","level":"info","event":"at py4j.ClientServerConnection.waitForCommands(ClientServerConnection.java:184)","logger":"airflow.task.hooks.airflow.providers.apache.spark.hooks.spark_submit.SparkSubmitHook"}
{"timestamp":"2025-09-23T17:35:25.633730","level":"info","event":"at py4j.ClientServerConnection.run(ClientServerConnection.java:108)","logger":"airflow.task.hooks.airflow.providers.apache.spark.hooks.spark_submit.SparkSubmitHook"}
{"timestamp":"2025-09-23T17:35:25.633825","level":"info","event":"at java.base/java.lang.Thread.run(Thread.java:840)","logger":"airflow.task.hooks.airflow.providers.apache.spark.hooks.spark_submit.SparkSubmitHook"}
{"timestamp":"2025-09-23T17:35:25.633907","level":"info","event":"","logger":"airflow.task.hooks.airflow.providers.apache.spark.hooks.spark_submit.SparkSubmitHook"}
{"timestamp":"2025-09-23T17:35:25.953920","level":"info","event":"25/09/23 17:35:25 INFO ShutdownHookManager: Shutdown hook called","logger":"airflow.task.hooks.airflow.providers.apache.spark.hooks.spark_submit.SparkSubmitHook"}
{"timestamp":"2025-09-23T17:35:25.955875","level":"info","event":"25/09/23 17:35:25 INFO ShutdownHookManager: Deleting directory /tmp/spark-614574c7-d9fa-4b36-9001-0021434082aa/pyspark-7502be25-5d45-458c-9ef8-d62340f6ead9","logger":"airflow.task.hooks.airflow.providers.apache.spark.hooks.spark_submit.SparkSubmitHook"}
{"timestamp":"2025-09-23T17:35:25.967155","level":"info","event":"25/09/23 17:35:25 INFO ShutdownHookManager: Deleting directory /tmp/spark-614574c7-d9fa-4b36-9001-0021434082aa","logger":"airflow.task.hooks.airflow.providers.apache.spark.hooks.spark_submit.SparkSubmitHook"}
{"timestamp":"2025-09-23T17:35:25.976066","level":"info","event":"25/09/23 17:35:25 INFO ShutdownHookManager: Deleting directory /tmp/spark-80aa6006-5f44-469f-8913-f0c5b9b269f1","logger":"airflow.task.hooks.airflow.providers.apache.spark.hooks.spark_submit.SparkSubmitHook"}
{"timestamp":"2025-09-23T17:35:26.073211","level":"error","event":"Task failed with exception","logger":"task","error_detail":[{"exc_type":"AirflowException","exc_value":"Cannot execute: spark-submit --master spark://spark-master:7077 --conf spark.master=spark://spark-master:7077 --conf spark.executor.memory=1g --conf spark.driver.memory=512m --conf spark.executor.cores=1 --conf spark.executor.instances=2 --name arrow-spark --verbose --deploy-mode client /opt/airflow/pyspark_instancia_pruebas/pyspark_instancia_pruebas/Ejercicio_2.py. Error code is: 1.","exc_notes":[],"syntax_error":null,"is_cause":false,"frames":[{"filename":"/home/airflow/.local/lib/python3.12/site-packages/airflow/sdk/execution_time/task_runner.py","lineno":920,"name":"run"},{"filename":"/home/airflow/.local/lib/python3.12/site-packages/airflow/sdk/execution_time/task_runner.py","lineno":1215,"name":"_execute_task"},{"filename":"/home/airflow/.local/lib/python3.12/site-packages/airflow/sdk/bases/operator.py","lineno":397,"name":"wrapper"},{"filename":"/home/airflow/.local/lib/python3.12/site-packages/airflow/providers/apache/spark/operators/spark_submit.py","lineno":197,"name":"execute"},{"filename":"/home/airflow/.local/lib/python3.12/site-packages/airflow/providers/apache/spark/hooks/spark_submit.py","lineno":566,"name":"submit"}],"is_group":false,"exceptions":[]}]}
{"timestamp":"2025-09-23T17:35:26.075820Z","level":"info","event":"Task instance in failure state","chan":"stdout","logger":"task"}
{"timestamp":"2025-09-23T17:35:26.076560Z","level":"info","event":"Task start","chan":"stdout","logger":"task"}
{"timestamp":"2025-09-23T17:35:26.077041Z","level":"info","event":"Task:<Task(SparkSubmitOperator): broadcast_salting>","chan":"stdout","logger":"task"}
{"timestamp":"2025-09-23T17:35:26.077714Z","level":"info","event":"Failure caused by Cannot execute: spark-submit --master spark://spark-master:7077 --conf spark.master=spark://spark-master:7077 --conf spark.executor.memory=1g --conf spark.driver.memory=512m --conf spark.executor.cores=1 --conf spark.executor.instances=2 --name arrow-spark --verbose --deploy-mode client /opt/airflow/pyspark_instancia_pruebas/pyspark_instancia_pruebas/Ejercicio_2.py. Error code is: 1.","chan":"stdout","logger":"task"}
